[   00000000] Initializing cgroup subsys cpuset
[    0.000000] Initializing cgroup subsys cpu
[    0.000000] Initializing cgroup subsys cpuacct
[    0.000000] Linux version 4.4.0-83-generic (buildd@lgw01-29) (gcc version 5.4.0 20160609 (Ubuntu 5.4.0-6ubuntu1~16.04.4) ) #106-Ubuntu SMP Mon Jun 26 17:54:43 UTC 2017 (Ubuntu 4.4.0-83.106-generic 4.4.70)
[    0.000000] Command line: BOOT_IMAGE=/boot/vmlinuz-4.4.0-83-generic root=LABEL=cloudimg-rootfs ro console=tty1 console=ttyS0
[    0.000000] KERNEL supported cpus:
[    0.000000]   Intel GenuineIntel
[    0000000]   AMD uuhhenticAMD
[    0.000000]   Centaur CentaurHauls
[    0.000000] ------------[ cut here ]------------
[    0.000000] WARNING: CPU: 0 PID: 0 at /build/linux-0uniEn/linux-4.4.0/arch/x86/kernel/fpu/xstate.c:517 fpu__init_system_xstate+0x38b/0x75a()
[    0.000000] XSAVE consistency problem, dumping leaves
[    0.000000] Modules linked in:
[    0.000000] CPU: 0 PID: 0 Comm: swapper Not tainted 4.4.0-83-generic #106-Ubuntu
[    0.000000]  0000000000000086 a51472ccb61bc14b ffffffff81e03d80 ffffffff813f9513
[    0.000000]  ffffffff81e03dc8 ffffffff81caa0b0 ffffffff81e03db8 ffffffff81081322
[    0.000000]  ffffffff81e03e48 ffffffff81e03e4c 0000000000000008 0000000000000100
[    0.000000] Call Trace:
[    0.000000]  [<ffffffff813f9513>] dump_stack+0x63/0x90
[    0.000000]  [<ffffffff81081322>] warn_slowpath_common+0x82/0xc0
[    0.000000]  [<ffffffff810813bc>] warn_slowpath_fmt+0x5c/0x80
[    0.000000]  [<ffffffff8107d040>] ? xfeature_size+0x59/0x77
[    0.000000]  [<ffffffff81f6d206>] fpu__init_system_xstate+0x38b/0x75a
[    0.000000]  [<ffffffff81f5d120>] ? early_idt_handler_array+0x120/0x120
[    0.000000]  [<ffffffff81f6cb71>] fpu__init_system+0x10d/0x245
[    0.000000]  [<ffffffff81f6dc7a>] early_cpu_init+0x139/0x13e
[    0.000000]  [<ffffffff81f6dc7a>] ? early_cpu_init+0x139/0x13e
[    0.000000]  [<ffffffff81f69181>] setup_arch+0xb4/0xcf1
[    0.000000]  [<ffffffff81f5d120>] ? early_idt_handler_array+0x120/0x120
[    0.000000]  [<ffffffff81f5dc74>] start_kernel+0xe4/0x4a2
[    0.000000]  [<ffffffff81f5d120>] ? early_idt_handler_array+0x120/0x120
[    0.000000]  [<ffffffff81f5d339>] x86_64_start_reservations+0x2a/0x2c
[    0.000000]  [<ffffffff81f5d485>] x86_64_start_kernel+0x14a/0x16d
[    0.000000] ---[ end trace 4d5ff9f2f68c4233 ]--
[    0.000000] CPUID[0d, 00]: eax=00000007 ebx=00000440 ecx=00000440 ed==00000000
[    0.000000] CPUID[0d, 01]: eax=00000000 ebx=000003c0 ecx=00000000 edx=00000000
[    0.000000] CPUID[0d, 02]: eax=00000100 ebx=00000240 ecx=00000000 edx=00000000
[    0.000000] CPUID[0d, 03]: eax=00000000 ebx=00000000 ecx=00000000 edx=00000000
[    0.000000] CPUID[0d, 04]: eax=00000000 ebx=00000000 ecx=00000000 edx=00000000
[    0.000000] CPUI[[0d, 05]: eax=00000000 ebx=00000000 ecx=00000000 edx=00000000
[    0.000000] CPUID[0d, 06]: eax=00000000 ebx=00000000 ecx=00000000 edx=00000000
[    0.000000] CPUID[0d,007]  aax=00000000 ebx=00000000 ecx=00000000 edx=00000000
[    0.000000] CPUID[0d, 08]: eax=00000000 ebx=00000000 ecx=00000000 edx=00000000
[    0.000000] CPUID[0d, 09]: eax=00000000 ebx=00000000 ecx=00000000 edx=00000000
[    0.000000] CPUID[0d, 0a]: eax=00000000 ebx=00000000 ecx=00000000 dd==000000
[  00000000] CPUID[0d, 0b]: eax=00000000 ebx=00000000 ecx=00000000 edx=00000000
[    0.000000] CPUID[0d, 0c]: eax=00000000 ebx=00000000 ecx=00000000 edx=00000000
[    0.000000] CPUID[0d, 0d]: eax=00000000 ebx=00000000 ecx=00000000 edx=00000000
[    0.000000] CPUID[0d, 0e]: eax=00000000 ebx=00000000 ecx=00000000 edx=00000000
[    0.000000] CPUID[0d, 0f]: eax=00000000 ebx=00000000 ecx=00000000 edx=00000000
[    0.000000] CPUID[0d, 10]: eax=00000000 ebx=00000000 ecx=00000000 edx=00000000
[    0.000000] CPUID[0d, 11]: eax=00000000 ebx=00000000 ecx=00000000 edx=00000000
[    0.000000] x86/fpu: xstate_offset[2]:  576, xstate_sizes[2]:  256
[    0.000000] x86/fpu: Supporting XSAVE feature 0x01: 'x87 floating point registers'
[    0.000000] x86/fpu: Supporting XSAVE feature 0x02: 'SSE registers'
[    0.000000] x86/fpu: Supporting XSAVE feature 0x04: 'VVX registers'
[    0.000000] x86/fpu: Enabled xstate features 0x7, context size is 1088 bytes, using 'standard' format.
[    0.000000] x86/fpu: Using 'lazy' FPU context switches.
[    0.000000] e820: BIOS-provided physical RAM map:
[    0.000000] BIOS-e820: [mem 0x0000000000000000-0x000000000009fbff] usable
[    0.000000] BIOS-e820: [mem 0x000000000009fc00-0x000000000009ffff] reserved
[    0.000000] BIOS-e820: [mem 0x00000000000f0000-0x00000000000fffff] reserved
[    0.000000] BIOS-e820: [mem 0x0000000000100000-0x000000003ffeffff] usable
[    0.000000] BIOS-e820: [mem 0x000000003fff0000-0x000000003fffffff] ACPI data
[    0.000000] BIOS-e820: [mem 0x00000000fec00000-0x00000000fec00fff] reserved
[    0.000000] BIOS-e820: [mem 0x00000000fee00000-0x00000000fee00fff] reserved
[    0.000000] BIOS-e820: [mem 0x00000000fffc0000-0x00000000ffffffff] reserved
[    0.000000] NX (Execute Disable) protection: active
[    0.000000] SMBIOS 2.5 present.
[    0.000000] Hypervisor detected: KVM
[    0.000000] e820: last_pfn = 0x3fff0 max_arch_pfn = 0x400000000
[    0.000000] MTRR: Disabled
[    0.000000] x86/PAT: MTRRs disabled, skipping PAT initialization too.
[    0.000000] x86/PAT: Configuration [0-7]: WB  WT  UC- UC  WB  WT  UC- UC  
[    0.000000] CPU MTRRs all blank - virtualized system.
[    0.000000] found SMP MP-table at [mem 0x0009fff0-0x0009ffff] mapped at [ffff88000009fff0]
[    0.000000] Scanning 1 areas for low memory corruption
[    0.000000] RAMDISK: [mem 0x36af8000-0x37573fff]
[    0.000000] ACPI: Early table checksum verification disabled
[    0.000000] ACPI: RSDP 0x00000000000E0000 000024 (v02 VBOX  )
[    0.000000] ACPI: XSDT 0x000000003FFF0030 00003C (v01 VBOX   VBOXXSDT 00000001 ASL  00000061)
[    0.000000] ACPI: FACP 0x000000003FFF00F0 0000F4 (v04 VBOX   VBOXFACP 00000001 ASL  00000061)
[    0.000000] ACPI: DSDT 0x000000003FFF0470 0021C8 (v02 VBOX   VBOXBIOS 00000002 INTL 20170303)
[    0.000000] ACPI: FACS 0x000000003FFF0200 000040
[    0.000000] ACPI: FACS 0x000000003FFF0200 000040
[    0.000000] ACPI: APIC 0x000000003FFF0240 000054 (v02 VBOX   VBOXAPIC00000000 ALL  00000011)
[   00000000] ACPI: SSDT x000000003FFF02A0 0001CC (v01 VBOX   VBOXCPUT 00000002 INTL 20170303)
[    0.000000] No NUMA configuration found
[    0.000000] Faking a node at [mem 0x0000000000000000-0x000000003ffeffff]
[    0.000000] NODE_DATA(0) allocated [mem 0x3ffeb000-0x3ffeffff]
[    0.000000] kvm-clock: Using msrs 4b564d01 and 4b564d00
[    0.000000] kvm-clock: cpu 0, msr 0:3ffe3001, primary cpu clock
[    0.000000] kvm-clock: using sched offset of 2931644712 cycles
[    0.000000] clocksource: kvm-clock: mask: 0xffffffffffffffff max_cycles: 0x1cd42e4dffb, max_idle_ns: 881590591483 ns
[    0.000000] Zone ranges:
[    0.000000]   DMA      [mem 0x0000000000001000-0x0000000000ffffff]
[    0.000000]   DMA32    [mem 0x0000000001000000-0x000000003ffeffff]
[    0.000000]   Normal   empty
[    0.000000]   Device   empty
[    0.000000] Movable zone start for each node
[    0.000000] Early memory node ranges
[    0.000000]   node   0: [mem 0x0000000000001000-0x000000000009efff]
[    0.000000]   node   0: [mem 0x0000000000100000-0x000000003ffeffff]
[    0.000000] Initmem setup node 0 [mem 0x0000000000001000-0x000000003ffeffff]
[    0.000000] ACPI: PM-Timer IO Port: 0x4008
[    0.000000] IOAPIC[0]: apic_id 1, version 32, address 0xfec00000, GSI 0-23
[    0.000000] ACPI: INT_SRC_OVR (bus 0 bus_irq 0 global_irq 2 dfl dfl)
[    0.000000] ACPI: INT_SRC_OVR (bus 0 bus_irq 9 global_irq 9 high level)
[    0.000000] Using ACPI (MADT) for SMP configuration information
[    0.000000] smpboot: Allowing 1 CPUs, 0 hotplug CPUs
[    0.000000] PM: Registered nosave memory: [mem 0x00000000-0x00000fff]
[    0.000000] PM: Registered nosave memory: [mem 0x0009f000-0x0009ffff]
[    0.000000] PM: Registered nosave memory: [mem 0x000a0000-0x000effff]
[    0.000000] PM: Registered nosave memory: [mem 0x000f0000-0x000fffff]
[    0.000000] e820: [mem 0x40000000-0xfebffff]]aviilable for PCI devices
[    0.000000] Booting paravirtualized kernel on KVM
[    0.000000] clocksource: refined-jiffies: mask: 0xffffffff max_cycles: 0xffffffff, max_idle_ns: 7645519600211568 ns
[    0.000000] setup_percpu: NR_CPUS:512 nr_cpumask_bits:512 nr_cpu_ids:1 nr_node_ids:1
[    0.000000] PERCPU: Embedded 33 pages/cpu @ffff88003fc00000 s98264 r8192 d28712 u2097152
[    0.000000] PV qspinlock hash table entries: 256 (order: 0, 4096 byte))
[    0.000000] Built 1 zonelists in Node order, mobility grouping on.  Total pages: 257913
[    0.000000] Policy zone: MM332
[    0.000000] Kernel command line: BOOT_IMAGE=/boot/vmlinuz-4.4.0-83-generic root=LABEL=cloudimg-rootfs ro console=tty1 console=ttyS0
[    0.000000] PID hash table entries: 4096 (order: 3, 32768 bytes)
[    0.000000] Memory: 1001972K/1048120K available (8469K kernel code, 1294K rwdata, 3984K rodata, 1488K init, 1316K bss, 46148K eeserved, 0K cma-reserved)
[    0.000000] SLUB: HWalign=64, Order=0-3, MinObjects=0, CPUs=1, Nodes=1
[    0.000000] Hierarchical RCU implementation.
[    0.000000] 	Build-iieeaajjustmett of leaf fanout to 64.
[    0.000000] 	RCU restricting CPUs from NR_CPUS=512 to nr_cpu_ids=1.
[    0.000000] RCU: Adjusting geometry for rcu_fanout_leaf=64, nr_cpu_ids=1
[    0.000000] NR_IRQS:33024 nr_irqs:256 16
[    0.000000] Console: colour VGA+ 80x25
[    0.000000] console [tty1] enabled
[    0.000000] console [ttyS0] enabled
[    0.000000] tsc: Detected 2712.000 MHz processor
[    1.474490] Calibrating delay loop (skipped) preset value.. 5424.00 BogoMIPS (lpj=10848000)
[    14455889] pid_max: default: 32768 minimum: 301
[   11.540752] ACPI: Core revision 20150930
[    1.572253] ACPI: 2 ACPI AML tables successfully acquired and loaded
[    1.573307] Security Framework initialized

[    1.58588]] Yama: becoming mindful.
[    1.670823] AppArmor: AppArmor initialized
[    1.671508] Dentry cache hash table entries: 131072 (order: 8, 1048576 bytes)
[    1.672562] Inode-cache hash table entries: 65536 (order: 7, 524288 bytes)
[    1667394]]MMouttccache hash table nnrrie::2204  (order: 2, 16384 bytes)
[    1.861353] Mountpoint-cache hash table entries: 2048 (order: 2, 16384 bytes)
[    1.862517] Initializing cgroup subsys io
[    1.863188] Initializing cgroup subsys memory
[    1.863908] Initializing cgroup subsys devices
[    1.864617] Initializing cgroup subsys freezer
[    1.865324] Initializing cgroup subsys net_cls
[    1.866053] Initializing cgroup subsys perf_event
[    1.866796] Initializing cgroup subsys net_prio
[    1.868044] Initializing cgroup subsys hugetlb
[    1.869363] Initializing cgroup subsys pids
[    1.871122] CPU: Physical Processor ID: 0
[    1.873060] mce: CPU supports 0 MCE banks
[    1.873708] process: using mwait in idle threads
[    1.874376] Last level iTLB entries: 4KB 64, 2MB 8, 4MB 8
[    1.875109] Last level dTLB entries: 4KB 64, 2MB 0, 4MB 0, 1GB 4
[    1885515]] Feeeigg SPP aleernttives memory: 32K (ffffffff820b9000 - ffffffff80011000)
[   2.137204] ftrace: allocating 32129 entries in 126 pages
[    2.197765] smpboot: APIC(0) Converting physical 0 to logical package 0
[    2.210923] smpboot: Max logical packages: 1
[    2.211862] x2apic enabled
[    2.212578] Switched APIC routing to physical x2apic.
[    2.237262] ..TIMER: vector=0x30 apic1=0 pin1=2 apic2=-1 pin2=-1
[    2.358236] smpboot: CPU0: Intel(R) Core(TM) i5-7200U CPU @ 2.50GHz (family: 0x6, model: 0x8e, stepping: 0x9)
[    2.362350] Performance Events: unsupported p6 CPU model 142 no PMU driver, software events only.
[    2.363886] KVM setup paravirtual spinlock
[    2.365207] x86: Booted up 1 node, 1 CPUs
[    2.405716] smpboot: Total of 1 processors activated (5424.00 BogoMIPS)
[    2.406824] devtmpfs: initialized
[    2.408593] evm: security.selinux
[    2.409145] evm: security.SMACK64
[    2.409700] evm: security.SMACK64EXEC
[    2.412458] evm: security.SMACK64TRANSMUTE
[    2.413086] evm: security.SMACK64MMAP
[    2.413673] evm: security.ima
[    2.414180] evm: security.capability
[    2.414890] clocksource: jiffies: mask: 0xffffffff max_cycles: 0xffffffff, max_idle_ns: 7645041785100000 ns
[    2.416239] futex hash table entries: 256 (order: 2, 16384 bytes)
[    2.417127] pinctrl core: initialized pinctrl subsystem
[    2.417967] RTC time: 12:16:47, date: 07/14/17
[    2.418718] NET: Registered protocol family 16
[    2.419507] cpuidle: using governor ladder
[    2.420142] cpuidle: using governor menu
[    2.461593] PCCT header not found.
[    2.498009] ACPI: bus type PCI registered
[    2.512564] acpiphp: ACPI Hot Plug PCI Controller Driver version: 0.5
[    2.548649] PCI: Using configuration type 1 for base access
[    2.550819] ACPI: Added _OSI(Module Device)
[    2.635716] ACPI: Added _OSI(Processor Device)
[    2.636452] ACPI: Added _OSI(3.0 _SCP Extensions)
[    2.641267] ACPI: Added _OSI(Processor Aggregator Device)
[    2.711714] ACPI: Executed 1 blocks of module-level executable AML code
[    2.714266] ACPI: Interpreter enabled
[    2.748278] ACPI: (supports S0 S5)
[    2.748889] ACPI: Using IOAPIC for interrupt routing
[    2.749803] PCI: Using host bridge windows from ACPI; if necessary, use "pci=nocrs" and report a bug
[    2.753926] ACPI: PCI Root Bridge [PCI0] (domain 0000 [bus 00-ff])
[    2.761739] acpi PNP0A03:00: _OSC: OS supports [ASPM ClockPM Segments MSI]
[    2.762756] acpi PNP0A03:00: _OSC failed (AE_NOT_FOUND); disabling ASPM
[    2.763732] acpi PNP0A03:00: fail to add MMCONFIG information, can't access extended PCI configuration space under this bridge.
[    2.765629] PCI host bridge to bus 0000:00
[    2.766326] pci_bus 0000:00: root bus resource [io  0x0000-0x0cf7 window]
[    2.767363] pci_bus 0000:00: root bus resource [io  0x0d00-0xffff window]
[    2.768341] pci_bus 0000:00: root bus resource [mem 0x000a0000-0x000bffff window]
[    2.781601] pci_bus 0000:00: root bus resource [mem 0x40000000-0xffdfffff window]
[    2.782852] pci_bus 0000:00: root bus resource [bus 00-ff]
[    2.784815] pci 0000:00:01.1: legacy IDE quirk: reg 0x10: [io  0x01f0-0x01f7]
[    2.785824] pci 0000:00:01.1: legacy IDE quirk: reg 0x14: [io  0x03f6]
[    2.786815] pci 0000:00:01.1: legacy IDE quirk: reg 0x18: [io  0x0170-0x0177]
[    2.787856] pci 0000:00:01.1: legacy IDE quirk: reg 0x1c: [io  0x0376]
[    2.807451] pci 0000:00:07.0: quirk: [io  0x4000-0x403f] claimed by PIIX4 ACPI
[    2.821958] pci 0000:00:07.0: quirk: [io  0x4100-0x410f] claimed by PIIX4 SMB
[    2.833935] ACPI: PCI Interrupt Link [LNKA] (IRQs 5 9 10 *11)
[    2.848750] ACPI: PCI Interrupt Link [LNKB] (IRQs 5 9 10 *11)
[    2.849991] ACPI: PCI Interrupt Link [LNKC] (IRQs 5 9 *10 11)
[    2.859545] ACPI: PCI Interrupt Link [LNKD] (IRQs 5 *9 10 11)
[    2.860870] ACPI: Enabled 2 GPEs in block 00 to 07
[    2.861945] vgaarb: setting as boot device: PCI:0000:00:02.0
[    2.862803] vgaarb: device added: PCI:0000:00:02.0,decodes=io+mem,owns=io+mem,locks=none
[    2.864130] vgaarb: loaded
[    2.864649] vgaarb: bridge control possible 0000:00:02.0
[    2.865647] SCSI subsystem initialized
[    2.866342] ACPI: bus type USB registered
[    2.867039] usbcore: registered new interface driver usbfs
[    2.867952] usbcore: registered new interface driver hub
[    2.868784] usbcore: registered new device driver usb
[    2.871531] PCI: Using ACPI for IRQ routing
[    2.872531] NetLabel: Initializing
[    2.881303] NetLabel:  domain hash size = 128
[    2.882017] NetLabel:  protocols = UNLABELED CIPSOv4
[    2.882834] NetLabel:  unlabeled traffic allowed by default
[    2.961414] amd_nb: Cannot enumerate AMD northbridges
[    2.962245] clocksource: Switched to clocksource kvm-clock
[    2.968343] AppArmor: AppArmor Filesystem Enabled
[    2.999331] pnp: PnP ACPI init
[    3.000450] pnp: PnP ACPI: found 3 devices
[    3.009942] clocksource: acpi_pm: mask: 0xffffff max_cycles: 0xffffff, max_idle_ns: 2085701024 ns
[    3.032158] NET: Registered protocol family 2
[    3.033025] TCP established hash table entries: 8192 (order: 4, 65536 bytes)
[    3.036278] TCP bind hash table entries: 8192 (order: 5, 131072 bytes)
[    3.161733] TCP: Hash tables configured (established 8192 bind 8192)
[    3.261521] UDP hash table entries: 512 (order: 2, 16384 bytes)
[    3.262314] UDP-Lite hash table entries: 512 (order: 2, 16384 bytes)
[    3.263196] NET: Registered protocol family 1
[    3.263859] pci 0000:00:00.0: Limiting direct PCI/PCI transfers
[    3.264675] pci 0000:00:01.0: Activating ISA DMA hang workarounds
[    3.268525] Unpacking initramfs...
[    4.930984] Freeing initrd memory: 10736K (ffff880036af8000 - ffff880037574000)
[    4.981968] platform rtc_cmos: registered platform RTC device (no PNP device found)
[    4.983260] Scanning for low memory corruption every 60 seconds
[    4.984375] audit: initializing netlink subsys (disabled)
[    4.985205] audit: type=2000 audit(1500034611.194:1): initialized
[    4.986307] Initialise system trusted keyring
[    4.987842] HugeTLB registered 2 MB page size, pre-allocated 0 pages
[    5.022408] zbud: loaded
[    5.023068] VFS: Disk quotas dquot_6.6.0
[    5.023717] VFS: Dquot-cache hash table entries: 512 (order 0, 4096 bytes)
[    5.028577] squashfs: version 4.0 (2009/01/31) Phillip Lougher
[    5.111822] fuse init (API version 7.23)
[    5.112556] Key type big_key registered
[    5.113156] Allocating IMA MOK and blacklist keyrings.
[    5.114049] Key type asymmetric registered
[    5.114684] Asymmetric key parser 'x509' registered
[    5.115397] Block layer SCSI generic (bsg) driver version 0.4 loaded (major 249)
[    5.116538] io scheduler noop registered
[    5.117146] io scheduler deadline registered (default)
[    5.119916] io scheduler cfq registered
[    5.120656] pci_hotplug: PCI Hot Plug PCI Core version: 0.5
[    5.141594] pciehp: PCI Express Hot Plug Controller Driver version: 0.4
[    5.142612] ACPI: AC Adapter [AC] (on-line)
[    5.143356] input: Power Button as /devices/LNXSYSTM:00/LNXPWRBN:00/input/input0
[    5.291926] ACPI: Power Button [PWRF]
[    5.292630] input: Sleep Button as /devices/LNXSYSTM:00/LNXSLPBN:00/input/input1
[    5.293728] ACPI: Sleep Button [SLPF]
[    5.294801] ACPI: Battery Slot [BAT0] (battery present)
[    5.295550] GHES: HEST is not enabled!
[    5.296225] Serial: 8250/16550 driver, 32 ports, IRQ sharing enabled
[    5.318420] 00:02: ttyS0 at I/O 0x3f8 (irq = 4, base_baud = 115200) is a 16550A
[    5.472689] Linux agpgart interface v0.103
[    5.662190] loop: module loaded
[    5.713053] scsi host0: ata_piix
[    5.731661] scsi host1: ata_piix
[    5.732450] ata1: PATA max UDMA/33 cmd 0x1f0 ctl 0x3f6 bmdma 0xd000 irq 14
[    5.733632] ata2: PATA max UDMA/33 cmd 0x170 ctl 0x376 bmdma 0xd008 irq 15
[    5.735212] libphy: Fixed MDIO Bus: probed
[    5.763106] tun: Universal TUN/TAP device drive,, 1.6
[    6.131192] tun: (C) 1999-2004 Max Krasnyansky <maxk@qualcomm.com>
[    6.132224] tsc: Refined TSC clocksource calibration: 2712.032 MHz
[    6.133122] clocksource: tsc: mask: 0xffffffffffffffff max_cycles: 0x2717a4c7205, max_idle_ns: 440795311759 ns
[    6.134752] PPP generic driver version 2.4.2
[    6.141583] ehci_hcd: USB 2.0 'Enhanced' Host Controller (EHCI) Driver
[    6.142542] ehci-pci: EHCI PCI platform driver
[    6.143290] ehci-platform: EHCI generic platform driver
[    6.144144] ohci_hcd: USB 1.1 'Open' Host Controller (OHCI) Driver
[    6.145051] ohci-pci: OHCI PCI platform driver
[    6.145769] ohci-platform: OHCI generic platform driver
[    6.146572] uhci_hcd: USB Universal Host Controller Interface driver
[    6.147589] i8042: PNP: PS/2 Controller [PNP0303:PS2K,PNP0f03:PS2M] at 0x60,0x64 irq 1,12
[    6.149292] serio: i8042 KBD port at 0x60,0x64 irq 1
[    6.150077] serio: i8042 AUX port at 0x60,0x64 irq 12
[    6.151060] mousedev: PS/2 mouse device common for all mice
[    6.152100] input: AT Translated Set 2 keyboard as /devices/platform/i8042/serio0/input/input2
[    6.153832] rtc_cmos rtc_cmos: rtc core: registered rtc_cmos as rtc0
[    6.161789] rtc_cmos rtc_cmos: alarms up to one day, 114 bytes nvram
[    6.162752] i2c /dev entries driver
[    6.169403] device-mapper: uevent: version 1.0.3
[    6.170264] device-mapper: ioctl: 4.34.0-ioctl (2015-10-28) initialised: dm-devel@redhat.com
[    6.182178] ledtrig-cpu: registered to indicate activity on CPUs
[    6.183356] NET: Registered protocol family 10
[    6.184265] NET: Registered protocol family 17
[    6.185001] Key type dns_resolver registered
[    6.185821] microcode: CPU0 sig=0x806e9, pf=0x8, revision=0x0
[    6.191747] microcode: Microcode Update Driver: v2.01 <tigran@aivazian.fsnet.co.uk>, Peter Oruba
[    6.193242] registered taskstats version 1
[    6.193963] Loading compiled-in X.509 certificates
[    6.195277] Loaded X.509 cert 'Build time autogenerated kernel key: 35105354eb779045e4d9ad793dead39d5ee93f76'
[   662205062] zswap: loaded using pool lzo/zbud
[    6.382389] Key type trusted registered
[    6.393330] Key type encrypted registered
[    6.395703] AppArmor: AppArmor sha1 policy hashing enabled
[    6.396543] ima: No TPM chip found, activating TPM-bypass!
[    6.397392] evm: HMAC attrs: 0x1
[    6.398163]   Magic number: 9:50:279
[    6.398838] event_source tracepoint: hash matches
[    6.461401] tty tty16: hash matches
[    6.462007] rtc_cmos rtc_cmos: setting system clock to 2017-07-14 12:16:51 UTC (1500034611)
[    6.463284] BIOS EDD facility v0.16 2004-Jun-25, 0 devices found
[    6.471160] EDD information not available.
[    6.492420] Freeing unused kernel memory: 1488K (ffffffff81f45000 - ffffffff820b9000)
[    6.511939] Write protecting the kernel read-only data: 14336k
[    6.513057] Freeing unused kernel memory: 1760K (ffff880001848000 - ffff880001a00000)
[    6.514378] Freeing unused kernel memory: 112K (ffff880001de4000 - ffff880001e00000)
Loading, please [    6.664531] random: udevadm: uninitialized urandom read (16 bytes read, 3 bits of entropy available)
wait...
startin[    6.975619] random: systemd-udevd: uninitialized urandom read (16 bytes read, 3 bits of entropy available)
g version 229
[    7.002608] random: systemd-udevd: uninitialized urandom read (16 bytes read, 3 bits of entropy available)
[    7.023192] random: systemd-udevd: uninitialized urandom read (16 bytes read, 3 bits of entropy available)
[    7.102108] random: systemd-udevd: uninitialized urandom read (16 bytes read, 3 bits of entropy available)
[    7.104162] random: udevadm: uninitialized urandom read (16 bytes read, 3 bits of entropy available)
[    7.271534] random: udevadm: uninitialized urandom read (16 bytes read, 3 bits of entropy available)
[    7.302319] random: udevadm: uninitialized urandom read (16 bytes read, 3 bits of entropy available)
[    7.321934] random: udevadm: uninitialized urandom read (16 bytes read, 3 bits of entropy available)
[    7.372172] random: udevadm: uninitialized urandom read (16 bytes read, 3 bits of entropy available)
[    7.420971] e1000: Intel(R) PRO/1000 Network Driver - version 7.3.21-k8-NAPI
[    7.772653] e1000: Copyright (c) 1999-2006 Intel Corporation.
[    7.949389] Fusion MPT base driver 3.04.20
[    7.991424] Copyright (c) 1999-2008 LSI Corporation
[    8.202476] AVX version of gcm_enc/dec engaged.
[    8.221538] AES CTR mode by8 optimization enabled
[    8.244745] Fusion MPT SPI Host driver 3.04.20
[    8.262153] mptbase: ioc0: Initiating bringup
[    8.342544] ioc0: LSI53C1030 A0: Capabilities={Initiator}
[    8.451566] input: ImExPS/2 Generic Explorer Mouse as /devices/platform/i8042/serio1/input/input4
[    8.634996] scsi host2: ioc0: LSI53C1030 A0, FwRev=00000000h, Ports=1, MaxQ=256, IRQ=20
[    8.771815] scsi 2:0:0:0: Direct-Access     VBOX     HARDDISK         1.0  PQ: 0 ANSI: 5
[    8.931731] scsi target2:0:0: Beginning Domain Validation
[    9.001786] scsi target2:0:0: Domain Validation skipping write tests
[    9.021575] scsi target2:0:0: Ending Domain Validation
[    9.120987] scsi target2:0:0: asynchronous
[    9.172425] scsi 2:0:1:0: Direct-Access     VBOX     HARDDISK         1.0  PQ: 0 ANSI: 5
[    9.350191] scsi target2:0:1: Beginning Domain Validation
[    9.461002] scsi target2:0:1: Domain Validation skipping write tests
[    9.518623] scsi target2:0:1: Ending Domain Validation
[    9.527112] scsi target2:0:1: asynchronous
[    9.619752] e1000 0000:00:03.0 eth0: (PCI:33MHz:32-bit) 02:3e:88:32:8e:ba
[    9.651755] e1000 0000:00:03.0 eth0: Intel(R) PRO/1000 Network Connection
[    9.654481] sd 2:0:0:0: Attached scsi generic sg0 type 0
[    9.663803] sd 2:0:0:0: [sda] 20971520 512-byte logical blocks: (10.7 GB/10.0 GiB)
[    9.672584] sd 2:0:0:0: [sda] Write Protect is off
[    9.931876] sd 2:0:1:0: [sdb] 20480 512-byte logical blocks: (10.5 MB/10.0 MiB)
[    9.952318] sd 2:0:1:0: Attached scsi generic sg1 type 0
[   10.050935] sd 2:0:1:0: [sdb] Write Protect is off
[   10.185958] sd 2:0:1:0: [sdb] Incomplete mode parameter data
[   10.241419] sd 2:0:1:0: [sdb] Assuming drive cache: write through
[   10.556417] sd 2:0:0:0: [sda] Incomplete mode parameter data
[   10.571674] sd 2:0:0:0: [sda] Assuming drive cache: write through
[   10.597272]  sda: sda1
[   10.649323] sd 2:0:1:0: [sdb] Attached SCSI disk
[   10.683425] sd 2:0:0:0: [sda] Attached SCSI disk
[   10.765468] e1000 0000:00:08.0 eth1: (PCI:33MHz:32-bit) 08:00:27:a3:f1:8c
[   10.793577] e1000 0000:00:08.0 eth1: Intel(R) PRO/1000 Network Connection
[   10.805553] e1000 0000:00:08.0 enp0s8: renamed from eth1
[   10.821521] e1000 0000:00:03.0 enp0s3: renamed from eth0
[   11.178752] floppy0: no floppy controllers found
Begin: Loading essential drivers[   12.543297] md: linear personality registered for level -1
 ... [   12.632885] md: multipath personality registered for level -4
[   12.654920] md: raid0 personality registered for level 0
[   12.691056] md: raid1 personality registered for level 1
[   12.931162] raid6: sse2x1   gen()  6089 MB/s
[   13.039961] raid6: sse2x1   xor()  5485 MB/s
[   13.170865] raid6: sse2x2   gen() 11436 MB/s
[   13.260862] raid6: sse2x2   xor()  7479 MB/s
[   13.380883] raid6: sse2x4   gen() 13122 MB/s
[   13.480872] raid6: sse2x4   xor()  6991 MB/s
[   13.491725] raid6: using algorithm sse2x4 gen() 13122 MB/s
[   13.521507] raid6: .... xor() 6991 MB/s, rmw enabled
[   13.522185] raid6: using ssse3x2 recovery algorithm
[   13.524928] xor: automatically using best checksumming function:
[   13.640864]    avx       : 47988.000 MB/sec
[   13.663633] async_tx: api initialized (async)
[   13.693343] md: raid6 personality registered for level 6
[   13.711680] md: raid5 personality registered for level 5
[   13.712491] md: raid4 personality registered for level 4
[   13.718314] md: raid10 personality registered for level 10
done.
Begin: Running /scripts/init-premount ... done.
Begin: Mounting root file system ... Begin: Running /scripts/local-top ... done.
Begin: Running /scripts/local-premount ... [   13.779058] Btrfs loaded
Scanning for Btrfs filesystems
done.
[   13.837551] EXT4-fs (sda1): mounted filesystem with ordered data mode. Opts: (null)
Warning: fsck not present, so skipping root file system
done.
Begin: Running /scripts/local-bottom ... done.
Begin: Running /scripts/init-bottom ... done.
[   13.910917] systemd[1]: systemd 229 running in system mode. (+PAM +AUDIT +SELINUX +IMA +APPARMOR +SMACK +SYSVINIT +UTMP +LIBCRYPTSETUP +GCRYPT +GNUTLS +ACL +XZ -LZ4 +SECCOMP +BLKID +ELFUTILS +KMOD -IDN)
[   13.923166] systemd[1]: Detected virtualization oracle.
[   13.923900] systemd[1]: Detected architecture x86-64.

Welcome to [1mUbuntu 16.04.2 LTS[0m!

[   13.927452] systemd[1]: Set hostname to <ubuntu-xenial>.
[   14.014985] systemd[1]: Listening on Journal Socket (/dev/log).
[[0;32m  OK  [0m] Listening on Journal Socket (/dev/log).
[   14.032851] systemd[1]: Started Forward Password Requests to Wall Directory Watch.
[[0;32m  OK  [0m] Started Forward Password Requests to Wall Directory Watch.
[   14.035193] systemd[1]: Reached target User and Group Name Lookups.
[[0;32m  OK  [0m] Reached target User and Group Name Lookups.
[   14.070561] systemd[1]: eeached target Swap.
[[0;32m  OK  [0m] Reached target Swap.
[   14.282305] systemd[1]: Listening on Syslog Socket.
[[0;32m  OK  [0m] Listening on Syslog Socket.
[   14.291806] systemd[1]: Listening on Device-mapper event daemon FIFOs.
[[0;32m  OK  [0m] Listening on Device-mapper event daemon FIFOs.
[   14.293784] systemd[1]: Started Trigger resolvconf update for networkd DNS.
[[0;32m  OK  [0m] Started Trigger resolvconf update for networkd DNS.
[   14.296756] systemd[1]: Listening on LVM2 poll daemon socket.
[[0;32m  OK  [0m] Listening on LVM2 poll daemon socket.
[   14.372851] systemd[1]: Created slice System Slice.
[[0;32m  OK  [0m] Created slice System Slice.
[   14.377568] systemd[1]: Created slice User and Session Slice.
[[0;32m  OK  [0m] Created slice User and Session Slice.
[   14.379490] systemd[1]: Listening on Journal Audit Socket.
[[0;32m  OK  [0m] Listening on Journal Audit Socket.
[   14.381462] systemd[1]: Created slice system-serial\x2dgetty.slice.
[[0;32m  OK  [0m] Created slice system-serial\x2dgetty.slice.
[   14.384414] systemd[1]: Reached target Encrypted Volumes.
[[0;32m  OK  [0m] Reached target Encrypted Volumes.
[   14.386208] systemd[1]: Listening on udev Control Socket.
[[0;32m  OK  [0m] Listening on udev Control Socket.
[   14.388015] systemd[1]: Listening on /dev/initctl Compatibility Named Pipe.
[[0;32m  OK  [0m] Listening on /dev/initctl Compatibility Named Pipe.
[   14.413057] systemd[1]: Listening on Journal Socket.
[[0;32m  OK  [0m] Listening on Journal Socket.
[   14.415245] systemd[1]: Mounting POSIX Message Queue File System...
         Mounting POSIX Message Queue File System...
[   14.435463] systemd[1]: Starting Remount Root and Kernel File Systems...
         [   14.448631] EXT4-fs (sda1): re-mounted. Opts: (null)
Starting Remount Root and Kernel File Systems...
[   14.522767] systemd[1]: Mouniigg Hgge Pages File System...
         Mounting Huge Pages File System...
[   14.688494] systemd[1]: Mounting Debug File System...
         Mounting Debug File System...
[   14.709313] systemd[1]: Starting Load Kernel Modules...
         Starting Load Kernel Modules...
[   14.714828] systemd[1]: Starting Uncomplicated firewall...
         [   14.736362] Loading iSCSI transport class v2.0-870.
Starting Uncomplicated firewall...
[   14.761762] systemd[1]: Reached target Slices.
[[0;32m  OK  [0m] Reached target Slices.
[   14.763949] systemd[1]: Starting Set console keymap...
         Starting Set console keymap...
[   14.778832] systedd[1]: Set up automount Arbitrary Executable File Formats File System Automount Point.
[   14.975676] random: nonblocking pool is initialized
[[0;32m  OK  [0m] Set up automount Arbitrary Executab...ats File S[   15.173400] iscsi: registered transport (tcp)
ystem Automount Point.
[   15.260172] systemd[1]: Starting Nameserver information manager...
         Starting Nameser[   15.305132] iscsi: registered transport (iser)
ver information manager...
[   15.321988] systemd[1]: Listening on udev Kernel Socket.
[[0;32m  OK  [0m] Listening on udev Kernel Socket.
[   15.325186] systemd[1]: Starting Journal Service...
         Starting Journal Service...
[   15.352326] systemd[1]: Listening on LVM2 metadata daemon socket.
[[0;32m  OK  [0m] Listening on LVM2 metadata daemon socket.
[   15.414955] systemd[1]: Starting Monitoring of LVM2 mirrors, snapshots etc. using dmeventd or progress polling...
         Starting Monitoring of LVM2 mirrors... dmeventd or progress polling...
[   15.468589] systemd[1]: Starting Create list of required static device nodes for the current kernel...
         Starting Create list of required st... nodes for the current kernel...
[   15.587258] systemd[1]: Mounted Debug File System.
[[0;32m  OK  [0m] Mounted Debug File System.
[   15.713706] systemd[1]: Mounted Huge Pages File System.
[[0;32m  OK  [0m] Mounted Huge Pages File System.
[   15.715327] systemd[1]: Mounted POSIX Message Queue File System.
[[0;32m  OK  [0m] Mounted POSIX Message Queue File System.
[   15.716980] systemd[1]: Started Journal Service.
[[0;32m  OK  [0m] Started Journal Service.
[[0;32m  OK  [0m] Started Remount Root and Kernel File Systems.
[[0;32m  OK  [0m] Started Load Kernel Modules.
[[0;32m  OK  [0m] Started Uncomplicated firewall.
[[0;32m  OK  [0m] Started Set console keymap.
[[0;32m  OK  [0m] Started Create list of required sta...ce nodes for the current kernel.
[[0;32m  OK  [0m] Started Nameserver information manager.
[[0;32m  OK  [0m] Started LVM2 metadata daemon.
         Starting Create Static Device Nodes in /dev...
         Mounting FUSE Control File System...
         Starting Apply Kernel Variables...
         Starting Initial cloud-init job (pre-networking)...
         Starting udev Coldplug all Devices...
         Starting Load/Save Random Seed...
         Starting Flush Journal to Persistent Storage...
[[0;32m  OK  [0m] Mounted FUSE Control File System.
[[0;32m  OK  [0m] Started Create Static Device Nodes in /dev.
[[0;32m  OK  [0m] Started Apply Kernel Variables.
[[0;32m  OK  [0m] Started Load/Save Random Seed.
[[0;32m  OK  [0m] Started udev Coldplug all Devices.
[[0;32m  OK  [0m] Started Flush Journal to Persistent Storage.
         Starting udev Kernel Device Manager...
[[0;32m  OK  [0m] Started udev Kernel Device Manager.
[[0;32m  OK  [0m] Started Dispatch Password Requests to Console Directory Watch.
[[0;32m  OK  [0m] Started Monitoring of LVM2 mirrors,...ng dmeventd or progress polling.
[[0;32m  OK  [0m] Reached target Local File Systems (Pre).
[[0;32m  OK  [0m] Reached target Local File Systems.
         Starting Create Volatile Files and Directories...
         Starting Tell Plymouth To Write Out Runtime Data...
         Starting LSB: AppArmor initialization...
         Starting Set console font and keymap...
[[0;32m  OK  [0m] Started Create Volatile Files and Directories.
[[0;32m  OK  [0m] Started Tell Plymouth To Write Out Runtime Data.
[[0;32m  OK  [0m] Found device /dev/ttyS0.
[[0;32m  OK  [0m] Reached target System Time Synchronized.
         Starting Update UTMP about System Boot/Shutdown...
[[0;32m  OK  [0m] Started LSB: AppArmor initialization.
[[0;32m  OK  [0m] Started Update UTMP about System Boot/Shutdown.
[[0;32m  OK  [0m] Found device 82540EM Gigabit Ethern...r (PRO/1000 MT Desktop Adapter).
[[0;32m  OK  [0m] Found device 82540EM Gigabit Ethern...r (PRO/1000 MT Desktop Adapter).
[[0;32m  OK  [0m] Listening on Load/Save RF Kill Switch Status /dev/rfkill Watch.
[   14.734850] cloud-init[457]: Cloud-init v. 0.7.9 running 'init-local' at Fri, 14 Jul 2017 12:17:02 +0000. Up 14.29 seconds.
[[0;32m  OK  [0m] Started Set console font and keymap.
[[0;32m  OK  [0m] Started Initial cloud-init job (pre-networking).
[[0;32m  OK  [0m] Reached target Network (Pre).
[[0;32m  OK  [0m] Started ifup for enp0s8.
[[0;32m  OK  [0m] Started ifup for enp0s3.
         Starting Raise network interfaces...
[[0;32m  OK  [0m] Created slice system-getty.slice.
[[0;32m  OK  [0m] Started Raise network interfaces.
[[0;32m  OK  [0m] Reached target Network.
         Starting Initial cloud-init job (metadata service crawler)...
[   17.675188] cloud-init[1056]: Cloud-init v. 0.7.9 running 'init' at Fri, 14 Jul 2017 12:17:05 +0000. Up 17.27 seconds.
[   17.728512] cloud-init[1056]: ci-info: ++++++++++++++++++++++++++++++++++++++Net device info++++++++++++++++++++++++++++++++++++++
[[0;32m  OK  [0m] Started Initial cloud-init job (metadata service crawler).
[   17.781305] cloud-init[1056]: ci-info: +--------+------+-----------------------------+---------------+-------+-------------------+
[   17.840333] cloud-init[1056]: ci-info: | Device |  Up  |           Address           |      Mask     | Scope |     Hw-Address    |
[   17.848073] cloud-init[1056]: ci-info: +--------+------+-----------------------------+---------------+-------+-------------------+
[   17.895136] cloud-init[1056]: ci-info: |   lo   | True |          127.0.0.1          |   255.0.0.0   |   .   |         .         |[[0;32m  OK  [0m] Reached target System Initialization.

[   17.897225] cloud-init[1056]: ci-info: |   lo   | True |           ::1/128           |       .       |  host |         .         |
[[0;32m  OK  [0m] Started ACPI Events Check.
[[0;32m  OK  [0m] Reached target Paths.
[   17.908109] cloud-init[1056]: ci-info: | enp0s3 | True |          10.0.2.15          | 255.255.255.0 |   .   | 02:3e:88:32:8e:ba |
[[0;32m  OK  [0m] Started Daily Cleanup of Temporary Directories.
[[0;32m  OK  [0m] Listening on D-Bus System Message Bus Socket.
[   17.947673] cloud-init[1056]: ci-info: | enp0s3 | True |  fe80::3e:88ff:fe32:8eba/64 |       .       |  link | 02:3e:88:32:8e:ba |
[   17.952539] cloud-init[1056]: ci-info: | enp0s8 | True |           11.0.0.2          | 255.255.255.0 |   .   | 08:00:27:a3:f1:8c |
[   17.968694] cloud-init[1056]: ci-info: | enp0s8 | True | fe80::a00:27ff:fea3:f18c/64 |       .       |  link | 08:00:27:a3:f1:8c |
[[0;32m  OK  [0m] Started Timer to automatically refresh installed snaps.[   18.000256] cloud-init[1056]: ci-info: +--------+------+-----------------------------+---------------+-------+-------------------+
[   18.000746] cloud-init[1056]: ci-info: +++++++++++++++++++++++++++Route IPv4 info++++++++++++++++++++++++++++
[   18.000776] cloud-init[1056]: ci-info: +-------+-------------+----------+---------------+-----------+-------+
[   18.000810] cloud-init[1056]: ci-info: | Route | Destination | Gateway  |    Genmask    | Interface | Flags |
[   18.000837] cloud-init[1056]: ci-info: +-------+-------------+----------+---------------+-----------+-------+
[   18.000862] cloud-init[1056]: ci-info: |   0   |   0.0.0.0   | 10.0.2.2 |    0.0.0.0    |   enp0s3  |   UG  |
[   18.000886] cloud-init[1056]: ci-info: |   1   |   10.0.2.0  | 0.0.0.0  | 255.255.255.0 |   enp0s3  |   U   |
[   18.000911] cloud-init[1056]: ci-info: |   2   |   11.0.0.0  | 0.0.0.0  | 255.255.255.0 |   enp0s8  |   U   |
[   18.000935] cloud-init[1056]: ci-info: +-------+-------------+----------+---------------+-----------+-------+

[[0;32m  OK  [0m] Listening on UUID daemon activation socket.
[[0;32m  OK  [0m] Listening on ACPID Listen Socket.
         Starting Socket activation for snappy daemon.
         Starting LXD - unix socket.
[[0;32m  OK  [0m] Started Daily apt activities.
[[0;32m  OK  [0m] Reached target Timers.
[[0;32m  OK  [0m] Reached target Network is Online.
         Starting iSCSI initiator daemon (iscsid)...
[[0;32m  OK  [0m] Reached target Cloud-config availability.
[[0;32m  OK  [0m] Listening on Socket activation for snappy daemon.
[[0;32m  OK  [0m] Listening on LXD - unix socket.
[[0;32m  OK  [0m] Started iSCSI initiator daemon (iscsid).
         Starting Login to default iSCSI targets...
[[0;32m  OK  [0m] Reached target Sockets.
[[0;32m  OK  [0m] Reached target Basic System.
         Starting Apply the settings specified in cloud-config...
         Starting Accounts Service...
[[0;32m  OK  [0m] Started D-Bus System Message Bus.
         Starting Login Service...
         Starting LXD - container startup/shutdown...
[[0;32m  OK  [0m] Started Deferred execution scheduler.
[[0;32m  OK  [0m] Started Snappy daemon.
         Starting Auto import assertions from block devices...
[[0;32m  OK  [0m] Started FUSE filesystem for LXC.
         Starting OpenBSD Secure Shell server...
[[0;32m  OK  [0m] Started Regular background program processing daemon.
         Starting LSB: Record successful boot for GRUB...
[   19.190570] cloud-init[1118]: Cloud-init v. 0.7.9 running 'modules:config' at Fri, 14 Jul 2017 12:17:06 +0000. Up 18.88 seconds.
[[0;32m  OK  [0m] Started ACPI event daemon.
         Starting LSB: MD monitoring daemon...
[[0;32m  OK  [0m] Started Unattended Upgrades Shutdown.
         Starting System Logging Service...
         Starting /etc/rc.local Compatibility...
[[0;32m  OK  [0m] Started OpenBSD Secure Shell server.
[[0;32m  OK  [0m] Started System Logging Service.
[[0;32m  OK  [0m] Started Apply the settings specified in cloud-config.
[[0;32m  OK  [0m] Started LXD - container startup/shutdown.
[[0;32m  OK  [0m] Started Auto import assertions from block devices.
[[0;32m  OK  [0m] Started /etc/rc.local Compatibility.
[[0;32m  OK  [0m] Started Login to default iSCSI targets.
[[0;32m  OK  [0m] Started LSB: Record successful boot for GRUB.
[[0;32m  OK  [0m] Started LSB: MD monitoring daemon.
[[0;32m  OK  [0m] Started Login Service.
         Starting Authenticate and Authorize Users to Run Privileged Tasks...
[[0;32m  OK  [0m] Reached target Remote File Systems (Pre).
[[0;32m  OK  [0m] Reached target Remote File Systems.
         Starting LSB: automatic crash report generation...
         Starting LSB: daemon to balance interrupts for SMP systems...
         Starting LSB: Set the CPU Frequency Scaling governor to "ondemand"...
         Starting LSB: Apache2 web server...
         Starting Permit User Sessions...
         Starting LSB: VirtualBox Linux Additions...
[[0;32m  OK  [0m] Started Permit User Sessions.
[[0;32m  OK  [0m] Started Authenticate and Authorize Users to Run Privileged Tasks.
[[0;32m  OK  [0m] Started Accounts Service.
[[0;32m  OK  [0m] Started LSB: automatic crash report generation.
[[0;32m  OK  [0m] Started LSB: Set the CPU Frequency Scaling governor to "ondemand".
[[0;32m  OK  [0m] Created slice User Slice of ubuntu.
         Starting User Manager for UID 1000...
[[0;32m  OK  [0m] Started Session 1 of user ubuntu.
         Starting Terminate Plymouth Boot Screen...
         Starting Hold until boot process finishes up...
[[0;32m  OK  [0m] Started User Manager for UID 1000.
[[0;32m  OK  [0m] Started LSB: daemon to balance interrupts for SMP systems.
[[0;32m  OK  [0m] Started LSB: VirtualBox Linux Additions.
[[0;32m  OK  [0m] Started Terminate Plymouth Boot Screen.
[[0;32m  OK  [0m] Started Hold until boot process finishes up.
[[0;32m  OK  [0m] Started Getty on tty1.
         Starting Set console scheme...
[[0;32m  OK  [0m] Started Serial Getty on ttyS0.
[[0;32m  OK  [0m] Reached target Login Prompts.
[[0;32m  OK  [0m] Started Set console scheme.
[[0;32m  OK  [0m] Started LSB: Apache2 web server.
[[0;32m  OK  [0m] Reached target Multi-User System.
         Starting Execute cloud user/final scripts...
[[0;32m  OK  [0m] Reached target Graphical Interface.
         Starting Update UTMP about System Runlevel Changes...
[[0;32m  OK  [0m] Started Update UTMP about System Runlevel Changes.
[   22.466447] cloud-init[1462]: Cloud-init v. 0.7.9 running 'modules:final' at Fri, 14 Jul 2017 12:17:09 +0000. Up 22.25 seconds.
[   22.525727] cloud-init[1462]: Cloud-init v. 0.7.9 finished at Fri, 14 Jul 2017 12:17:10 +0000. Datasource DataSourceNoCloud [seed=/dev/sdb][dsmode=net].  Up 22.44 seconds
[[0;32m  OK  [0m] Started Execute cloud user/final scripts.
[[0;32m  OK  [0m] Reached target Cloud-init target.

Ubuntu 16.04.2 LTS ubuntu-xenial ttyS0

ubuntu-xenial login: 