[    0.000000] Initializing cgroup subsys cpuset
[    0.000000] Initializing cgroup subsys cpu
[    0.000000] Initializing cgroup subsys cpuacct
[    0.000000] Linux version 4.4.0-83-generic (buildd@lgw01-29) (gcc version 5.4.0 20160609 (Ubuntu 5.4.0-6ubuntu1~16.04.4) ) #106-Ubuntu SMP Mon Jun 26 17:54:43 UTC 2017 (Ubuntu 4.4.0-83.106-generic 4.4.70)
[    0.000000] Command line: BOOT_IMAGE=/boot/vmlinuz-4.4.0-83-generic root=LABEL=cloudimg-rootfs ro console=tty1 console=ttyS0
[    0.000000] KERNEL supported cpus:
[    0.000000]   Intel GenuineIntel
[    0.000000]   AMD AuthenticAMD
[    0.000000]   Centaur CentaurHauls
[    0.000000] ------------[ cut here ]------------
[    0.000000] WARNING: CPU: 0 PID: 0 at /build/linux-0uniEn/linux-4.4.0/arch/x86/kernel/fpu/xstate.c:517 fpu__init_system_xstate+0x38b/0x75a()
[    0.000000] XSAVE consistency problem, dumping leaves
[    0.000000] Modules linked in:
[    0.000000] CPU: 0 PID: 0 Comm: swapper Not tainted 4.4.0-83-generic #106-Ubuntu
[    0.000000]  0000000000000086 b45a2009c5616e88 ffffffff81e03d80 ffffffff813f9513
[    0.000000]  ffffffff81e03dc8 ffffffff81caa0b0 ffffffff81e03db8 ffffffff81081322
[    0.000000]  ffffffff81e03e48 ffffffff81e03e4c 0000000000000008 0000000000000100
[    0.000000] Call Trace:
[    0.000000]  [<ffffffff813f9513>] dump_stack+0x63/0x90
[    0.000000]  [<ffffffff81081322>] warn_slowpath_common+0x82/0xc0
[    0.000000]  [<ffffffff810813bc>] warn_slowpath_fmt+0x5c/0x80
[    0.000000]  [<ffffffff8107d040>] ? xfeature_size+0x59/0x77
[    0.000000]  [<ffffffff81f6d206>] fpu__init_system_xstate+0x38b/0x75a
[    0.000000]  [<ffffffff81f5d120>] ? early_idt_handler_array+0x120/0x120
[    0.000000]  [<ffffffff81f6cb71>] fpu__init_system+0x10d/0x245
[    0.000000]  [<ffffffff81f6dc7a>] early_cpu_init+0x139/0x13e
[    0.000000]  [<ffffffff81f6dc7a>] ? early_cpu_init+0x139/0x13e
[    0.000000]  [<ffffffff81f69181>] setup_arch+0xb4/0xcf1
[    0.000000]  [<ffffffff81f5d120>] ? early_idt_handler_array+0x120/0x120
[    0.000000]  [<ffffffff81f5dc74>] start_kernel+0xe4/0x4a2
[    0.000000]  [<ffffffff81f5d120>] ? early_idt_handler_array+0x120/0x120
[    0.000000]  [<ffffffff81f5d339>] x86_64_start_reservations+0x2a/0x2c
[    0.000000]  [<ffffffff81f5d485>] x86_64_start_kernel+0x14a/0x16d
[    0.000000] ---[ end trace 4d5ff9f2f68c4233 ]---
[    0.000000] CPUID[0d, 00]: eax=00000007 ebx=00000440 ecx=00000440 edx=00000000
[    0.000000] CPUID[0d, 01]: eax=00000000 ebx=000003c0 ecx=00000000 edx=00000000
[    0.000000] CPUID[0d, 02]: eax=00000100 ebx=00000240 ecx=00000000 edx=00000000
[    0.000000] CPUID[0d, 03]: eax=00000000 ebx=00000000 ecx=00000000 edx=00000000
[    0.000000] CPUID[0d, 04]: eax=00000000 ebx=00000000 ecx=00000000 edx=00000000
[    0.000000] CPUID[0d, 05]: eax=00000000 ebx=00000000 ecx=00000000 edx=00000000
[    0.000000] CPUID[0d, 06]: eax=00000000 ebx=00000000 ecx=00000000 edx=00000000
[    0.000000] CPUID[0d, 07]: eax=00000000 bb==00000000 ecx=00000000 edx=00000000
[    0.000000] CPUID[0d, 08]: eax=00000000 ebx=00000000 ecx=00000000 edx=00000000
[    0.000000] CPUID[0d, 09]: eax=00000000 ebx=00000000 ecx=00000000 edx=00000000
[    0.000000] CPUID[0d, 0a]: eax=00000000 ebx=00000000 ecx=00000000 edx=00000000
[    0.000000] CPUID[0d, 0b]: eax=00000000 ebx=00000000 ecx=00000000 edx=00000000
[    0.000000] CPUID[0d, 0c]: eax=00000000 ebx=00000000 ecx=00000000 edx=00000000
[    0.000000] CPUID[0d, 0d]: eax=00000000 ebx=00000000 ecx=00000000 edx=00000000
[    0.000000] CPUID[0d, 0e]: eax=00000000 ebx=00000000 ecx=00000000 edx=00000000
[    0.000000] CPUID[0d, 0f]: eax=00000000 ebx=00000000 ecx=00000000 edx=00000000
[    0.000000] CPUID[0d, 10]: eax=00000000 ebx=00000000 ecx=00000000 edx=00000000
[    0.000000] CPUID[0d, 11]: eax=00000000 ebx=00000000 ecx=00000000 edx=00000000
[    0.000000] x86/fpu: xstate_offset[2]:  576, xstate_sizes[2]:  256
[    0.000000] x86/fpu: Supporting XSAVE feature 0x01: 'x87 floating point registers'
[    0.000000] x86/fpu: Supporting XSAVE feature 0x02: 'SSE registers'
[    0.000000] x86/fpu: Supporting XSAVE feature 0x04: 'AVX registers'
[    0.000000] x86/fpu: Enabled xstate features 0x7, context size is 1088 bytes, using 'standard' format.
[    0.000000] x86/fpu: Using 'lazy' FPU context switches.
[    0.000000] e820: BIOS-provided physical RAM map:
[    0.000000] BIOS-e820: [mem 0x0000000000000000-0x000000000009fbff] usable
[    0.000000] BIOS-e820: [mem 0x000000000009fc00-0x000000000009ffff] reserve
[    0.000000] BIOS-e820: [mem 0x00000000000f0000-0x00000000000fffff] reserved
[    0.000000] BIOS-e820: [mem 0x0000000000100000-0x000000003ffeffff] usable
[    0.000000] BIOS-e820: [mem 0x000000003fff0000-0x000000003fffffff] ACPI data
[    0.000000] BIOS-e820: [mem 0x00000000fec00000-0x00000000fec00fff] reserved
[    0.000000] BIOS-e820: [mem 0x00000000fee00000-0x00000000fee00fff] reserved
[    0.000000] BIOS-e820: [mem 0x00000000fffc0000-0x00000000ffffffff] reserved
[    0.000000] NX (Execute Disable) protection: active
[    0.000000] SMBIOS 2.5 present.
[    0.000000] Hypervisor detected: KVM
[    0.000000] e820: last_pfn = 0x3fff0 max_arch_pfn = 0x400000000
[    0.000000] MTRR: Disabled
[    0.000000] x86/PAT: MTRRs disabled, skipping PAT initialization too.
[    0.000000] x86/PAT: Configuration [0-7]: WB  WT  UC- UC  WB  WT  UC- UC  
[    0.000000] CPU MTRRs all blank - virtualized system.
[    0.000000] found SMP MP-table at [mem 0x0009fff0-0x0009ffff] mapped at [ffff88000009fff0]
[    0.000000] Scanning 1 areas for low memory corruption
[    0.000000] RAMDISK: [mem 0x36af8000-0x37573fff]
[    0.000000] ACPI: Early table checksum verification disabled
[    0.000000] ACPI: RSDP 0x00000000000E0000 000024 (v02 VBOX  )
[    0.000000] ACPI: XSDT 0x000000003FFF0030 00003C (v01 VBOX   VBOXXSDT 00000001 ASL  00000061)
[    0.000000] ACPI: FACP 0x000000003FFF00F0 0000F4 (v04 VBOX   VBOXFACP 00000001 ASL  00000061)
[    0.000000] ACPI: DSDT 0x000000003FFF0470 0021C8 (v02 VBOX   VBOXBIOS 00000002 INTL 20170303)
[    0.000000] ACPI: FACS 0x000000003FFF0200 000040
[    0.000000] ACPI: FACS 0x000000003FFF0200 000040
[    0.000000] ACPI: APIC 0x000000003FFF0240 000054 (v02 VBOX   VBOXAPIC 00000001 ASL  00000061)
[    0.000000] ACPI: SSDT 0x000000003FFF02A0 0001CC (v01 VBOX   VBOXCPUT 00000002 INTL 20170303)
[    0.000000] No NUMA configuration found
[    0.000000] Faking a node at [mem 0x0000000000000000-0x000000003ffeffff]
[    0.000000] NODE_DATA(0) allocated [mem 0x3ffeb000-0x3ffeffff]
[    0.000000] kvm-clock: Using msrs 4b564d01 and 4b564d00
[    0.000000] kvm-clock: cpu 0, msr 0:3ffe3001, primary cpu clock
[    0.000000] kvm-clock: using sched offset of 3026779943 cycles
[    0.000000] clocksource: kvm-clock: mask: 0xffffffffffffffff max_cycles: 0x1cd42e4dffb, max_idle_ns: 881590591483 ns
[    0.000000] Zone ranges:
[    0.000000]   DMA      [mem 0x0000000000001000-0x0000000000ffffff]
[    0.000000]   DMA32    [mem 0x0000000001000000-0x000000003ffeffff]
[    0.000000]   Normal   empty
[    0.000000]   Device   empty
[    0.000000] Movable zone start for each node
[    0.000000] Early memory node ranges
[    0.000000]   node   0: [mem 0x0000000000001000-0x000000000009efff]
[    0.000000]   node   0: [mem 0x0000000000100000-0x000000003ffeffff]
[    0.000000] Initmem setup node 0 [mem 0x0000000000001000-0x000000003ffeffff]
[    0.000000] ACPI: PM-Timer IO Port: 0x4008
[    0.000000] IOAPIC[0]: apic_id 1, version 32, address 0xfec00000, GSI 0-23
[    0.000000] ACPI: INT_SRC_OVR (bus 0 bus_irq 0 global_irq 2 dfl dfl)
[    0.000000] ACPI: INT_SRC_OVR (bus 0 bus_irq 9 global_irq 9 high level)
[    0.000000] Using ACPI (MADT) for SMP configuration information
[    0.000000] smpboot: Allowing 1 CPUs, 0 hotplug CPUs
[    0.000000] PM: Registered nosave memory: [mem 0x00000000-0x00000fff]
[    0.000000] PM: Registered nosave memory: [mem 0x0009f000-0x0009ffff]
[    0.000000] PM: Registered nosave memory: [mem 0x000a0000-0x000effff]
[    0.000000] PM: Registered nosave memory: [mem 0x000f0000-0x000fffff]
[    0.000000] e820: [mem 0x40000000-0xfebfffff] available for PCI devices
[    0.000000] Booting paravirtualized kernel on KVM
[    0.000000] clocksource: refined-jiffies: mask: 0xffffffff max_cycles: 0xffffffff, max_idle_ns: 7645519600211568 ns
[    0.000000] setup_percpu: NR_CPUS:512 nr_cpumask_bits:512 nr_cpu_ids:1 nr_node_ids:1
[    0.000000] PERCPU: Embedded 33 pages/cpu @ffff88003fc00000 s98264 r8192 d28712 u2097152
[    0.000000] PV qspinlock hash table entries: 256 (order: 0, 4096 bytes)
[    0.000000] Built 1 zonelists in Node order, mobility grouping on.  Total pages: 257913
[    0.000000] Policy zone: DMA32
[    0.000000] Kernel command line: BOOT_IMAGE=/boot/vmlinuz-4.4.0-83-generic root=LABEL=cloudimg-rootfs ro console=tty1 console=ttyS0
[    0.000000] PID hash table entries: 4096 (order: 3, 32768 bytes)
[    0.000000] Memory: 1001972K/1048120K available (8469K kernel code, 1294K rwdata, 3984K rodata, 1488K init, 1316K bss, 46148K reserved, 0K cma-reserved)
[    0.000000] SLUB: HWalign=64, Order=0-3, MinObjects=0, CPUs=1, Nodes=1
[    0.000000] Hierarchical RCU implementation.
[    0.000000] 	Build-time adjustment of leaf fanout to 64.
[    0.000000] 	RCU restricting CPUs from NR_CPUS=512 to nr_cpu_ids=1.
[    0.000000] RCU: Adjusting geometry for rcu_fanout_leaf=64, nr_cpu_ids=1
[    0.000000] NR_IRQS:33024 nr_irqs:256 16
[    0.000000] Console: colour VGA+ 80x25
[    0.000000] console [tty1] enabled
[    0.000000] console [ttyS0] enabled
[    0.000000] tsc: Detected 2712.000 MHz processor
[    0.997219] Calibrating delay loop (skipped) preset value.. 5424.00 BogoMIPS (lpj=10848000)
[    1.006990] pid_max: default: 32768 minimum: 301
[    1.007846] ACPI: Core revision 20150930
[    1.009695] ACPI: 2 ACPI AML tables successfully acquired and loaded
[    1.010960] Security Framework initialized
[    1.011715] Yama: becoming mindful.
[    1.012414] AppArmor: AppArmor initialized
[    1.013304] Dentry cache hash table entries: 131072 (order: 8, 1048576 bytes)
[    1.015870] Inode-cache hash table entries: 65536 (order: 7, 524288 bytes)
[    1.017702] Mount-cache hash table ettries: 2048 (order: 2, 16384 bytes)
[    1.043971] Mountpoint-cache hash table entries: 2048 (order: 2, 16384 bytes)
[    1.053937] Initializing cgroup subsys io
[    1.054755] Initializing cgroup subsys memory
[    1.063530] Initializing cgroup subsys devices
[    1.064356] Initializing cgroup subsys freezer
[    1.065204] Initializing cgroup subsys net_cls
[    1.065999] Initializing cgroup subsys perf_event
[    10066827] Initializing cgroup subsys net_prio
[    1.084035] Initializing cgroup subsys hugetlb
[    1.084981] Initializing cgroup subsys pids
[    1.085921] CPU: Physical Processor ID: 0
[    1.094427] mce: CPU supports 0 MCE banks
[    1.095237] process: using mwait in idle threads
[    1.096079] Last level iTLB entries: 4KB 64, 2MB 8, 4MB 8
[    1.097037] Last level dTLB entries: 4KB 64, 2MB 0, 4MB 0, 1GB 4
[    1.127762] Freeing SMP alternatives memory: 32K (ffffffff820b9000 - ffffffff820c1000)
[    1.152689] ftrace: allocating 32129 entries in 126 pages
[    1.207120] smpboot: APIC(0) Converting physical 0 to logical package 0
[    1.224388] smpboot: Max logical packages: 1
[    1.228631] x2apic enabled
[    1.229596] Switched APIC routing to physical x2apic.
[    1.235345] ..TIMER: vector=0x30 apic1=0 pin1=2 apic2=-1 pin2=-1
[    1.340493] smpboot: CPU0: Intel(R) Core(TM) i5-7200U CPU @ 2.50GHz (family: 0x6, model: 0x8e, stepping: 0x9)
[    1.345261] Performance Events: unsupported p6 CPU model 142 no PMU driver, software events only.
[    1.347016] KVM setup paravirtual spinlock
[    1.361860] x86: Booted up 1 node, 1 CPUs
[    1.373738] smpboot: Total of 1 processors activated (5424.00 BogoMIPS)
[    1.380488] devtmpfs: initialized
[    1.382615] evm: security.selinux
[    1.383374] evm: security.SMACK64
[    1.384102] evm: security.SMACK64EXEC
[    1.384834] evm: security.SMACK64TRANSMUTE
[    1.397658] evm: security.SMACK64MMAP
[    1.398480] evm: security.ima
[    1.399186] evm: security.capability
[    1.403083] clocksource: jiffies: mask: 0xffffffff max_cycles: 0xffffffff, max_idle_ns: 7645041785100000 ns
[    1.405080] futex hash table entries: 256 (order: 2, 16384 bytes)
[    1.406355] pinctrl core: initialized pinctrl subsystem
[    1.413893] RTC time: 12:06:43, date: 07/14/17
[    1.414989] NET: Registered protocol family 16
[    1.416082] cpuidle: using governor ladder
[    1.417004] cpuidle: using governor menu
[    1.417798] PCCT header not found.
[    1.418555] ACPI: bus type PCI registered
[    1.419331] acpiphp: ACPI Hot Plug PCI Controller Driver version: 0.5
[    1.420502] PCI: Using configuration type 1 for base access
[    1.423289] ACPI: Added _OSI(Module Device)
[    1.433809] ACPI: Added _OSI(Processor Device)
[    1.434646] ACPI: Added _OSI(3.0 _SCP Extensions)
[    1.435492] ACPI: Added _OSI(Processor Aggregator Device)
[    1.437026] ACPI: Executed 1 blocks of module-level executable AML code
[    1.440093] ACPI: Interpreter enabled
[    1.440850] ACPI: (supports S0 S5)
[    1.441668] ACPI: Using IOAPIC for interrupt routing
[    1.442716] PCI: Using host bridge windows from ACPI; if necessary, use "pci=nocrs" and report a bug
[    1.452109] ACPI: PCI Root Bridge [PCI0] (domain 0000 [bus 00-ff])
[    1.453170] acpi PNP0A03:00: _OSC: OS supports [ASPM ClockPM Segments MSI]
[    1.454392] acpi PNP0A03:00: _OSC failed (AE_NOT_FOUND); disabling ASPM
[    1.459241] acpi PNP0A03:00: fail to add MMCONFIG information, can't access extended PCI configuration space under this bridge.
[    1.461737] PCI host bridge to bus 0000:00
[    1.471834] pci_bus 0000:00: root bus resource [io  0x0000-0x0cf7 window]
[    1.473126] pci_bus 0000:00: root bus resource [io  0x0d00-0xffff window]
[    1.484067] pci_bus 0000:00: root bus resource [mem 0x000a0000-0x000bffff window]
[    1.492016] pci_bus 0000:00: root bus resource [mem 0x40000000-0xffdfffff window]
[    1.493807] pci_bus 0000:00: root bus resource [bus 00-ff]
[    1.497007] pci 0000:00:01.1: legacy IDE quirk: reg 0x10: [io  0x01f0-0x01f7]
[    1.502344] pci 0000:00:01.1: legacy IDE quirk: reg 0x14: [io  0x03f6]
[    1.503687] pci 0000:00:01.1: legacy IDE quirk: reg 0x18: [io  0x0170-0x0177]
[    1.505156] pci 0000:00:01.1: legacy IDE quirk: reg 0x1c: [io  0x0376]
[    1.527241] pci 0000:00:07.0: quirk: [io  0x4000-0x403f] claimed by PIIX4 ACPI
[    1.539414] pci 0000:00:07.0: quirk: [io  0x4100-0x410f] claimed by PIIX4 SMB
[    1.552341] ACPI: PCI Interrupt Link [LNKA] (IRQs 5 9 10 *11)
[    1.574701] ACPI: PCI Interrupt Link [LNKB] (IRQs 5 9 10 *11)
[    1.576344] ACPI: PCI Interrupt Link [LNKC] (IRQs 5 9 *10 11)
[    1.577975] ACPI: PCI Interrupt Link [LNKD] (IRQs 5 *9 10 11)
[    1.579609] ACPI: Enabled 2 GPEs in block 00 to 07
[    1.583982] vgaarb: setting as boot device: PCI:0000:00:02.0
[    1.586605] vgaarb: device added: PCI:0000:00:02.0,decodes=io+mem,owns=io+mem,locks=none
[    1.588095] vgaarb: loaded
[    1.588770] vgaarb: bridge control possible 0000:00:02.0
[    1.590040] SCSI subsystem initialized
[    1.593982] ACPI: bus type USB registered
[    1.594856] usbcore: registered new interface driver usbfs
[    1.595971] usbcore: registered new interface driver hub
[    1.597034] usbcore: registered new device driver usb
[    1.604060] PCI: Using ACPI for IRQ routing
[    1.605174] NetLabel: Initializing
[    1.605899] NetLabel:  domain hash size = 128
[    1.606683] NetLabel:  protocols = UNLABELED CIPSOv4
[    1.607576] NetLabel:  unlabeled traffic allowed by default
[    1.610311] amd_nb: Cannot enumerate AMD northbridges
[    1.611308] clocksource: Switched to clocksource kvm-clock
[    1.618980] AppArmor: AppArmor Filesystem Enabled
[    1.625813] pnp: PnP ACPI init
[    1.627141] pnp: PnP ACPI: found 3 devices
[    1.633610] clocksource: acpi_pm: mask: 0xffffff max_cycles: 0xffffff, max_idle_ns: 2085701024 ns
[    1.665123] NET: Registered protocol family 2
[    1.694539] TCP established hash table entries: 8192 (order: 4, 65536 bytes)
[    1.696747] TCP bind hash table entries: 8192 (order: 5, 131072 bytes)
[    1.714978] TCP: Hash tables configured (established 8192 bind 8192)
[    1.716498] UDP hash table entries: 512 (order: 2, 16384 bytes)
[    1.733907] UDP-Lite hash table entries: 512 (order: 2, 16384 bytes)
[    1.753465] NET: Registered protocol family 1
[    1.784187] pci 0000:00:00.0: Limiting direct PCI/PCI transfers
[    1.785191] pci 0000:00:01.0: Activating ISA DMA hang workarounds
[    1.786311] Unpacking initramfs...
[    3.750443] Freeing initrd memory: 10736K (ffff880036af8000 - ffff880037574000)
[    3.774869] platform rtc_cmos: registered platform RTC device (no PNP device found)
[    3.776345] Scanning for low memory corruption every 60 seconds
[    3.777640] audit: initializing netlink subsys (disabled)
[    3.778640] audit: type=2000 audit(1500034008.612:1): initialized
[    3.779930] Initialise system trusted keyring
[    3.780838] HugeTLB registered 2 MB page size, pre-allocated 0 pages
[    3.785116] zbud: loaded
[    3.790292] VFS: Disk quotas dquot_6.6.0
[    3.791176] VFS: Dquot-cache hash table entries: 512 (order 0, 4096 bytes)
[    3.792703] squashfs: version 4.0 (2009/01/31) Phillip Lougher
[    3.794046] fuse init (API version 7.23)
[    3.795011] Key type big_key registered
[    3.795866] Allocating IMA MOK and blacklist keyrings.
[    3.797078] Key type asymmetric registered
[    3.797934] Asymmetric key parser 'x509' registered
[    3.798932] Block layer SCSI generic (bsg) driver version 0.4 loaded (major 249)
[    3.800530] io scheduler noop registered
[    3.801367] io scheduler deadline registered (default)
[    3.802393] io scheduler cfq registered
[    3.803365] pci_hotplug: PCI Hot Plug PCI Core version: 0.5
[    3.804465] pciehp: PCI Express Hot Plug Controller Driver version: 0.4
[    3.805836] ACPI: AC Adapter [AC] (off-line)
[    3.806784] input: Power Button as /devices/LNXSYSTM:00/LNXPWRBN:00/input/input0
[    3.834393] ACPI: Power Button [PWRF]
[    3.835256] input: Sleep Button as /devices/LNXSYSTM:00/LNXSLPBN:00/input/input1
[    3.836820] ACPI: Sleep Button [SLPF]
[    3.843019] ACPI: Battery Slot [BAT0] (battery present)
[    3.844108] GHES: HEST is not enabled!
[    3.845011] Serial: 8250/16550 driver, 32 ports, IRQ sharing enabled
[    3.867987] 00:02: ttyS0 at I/O 0x3f8 (irq = 4, base_baud = 115200) is a 16550A
[    3.885497] Linux agpgart interface v0.103
[    3.902933] loop: module loaded
[    3.928897] scsi host0: ata_piix
[    3.929957] scsi host1: ata_piix
[    3.931028] ata1: PATA max UDMA/33 cmd 0x1f0 ctl 0x3f6 bmdma 0xd000 irq 14
[    3.932758] ata2: PATA max UDMA/33 cmd 0x170 ctl 0x376 bmdma 0xd008 irq 15
[    3.935261] libphy: Fixed MDIO Bus: probed
[    3.936573] tun: Universal TUN/TAP device driver, 1.6
[    3.941288] tun: (C) 1999-2004 Max Krasnyansky <maxk@qualcomm.com>
[    3.943205] PPP generic driver version 2.4.2
[    3.944835] ehci_hcd: USB 2.0 'Enhanced' Host Controller (EHCI) Driver
[    3.946707] ehci-pci: EHCI PCI platform driver
[    3.948102] ehci-platform: EHCI generic platform driver
[    3.949570] ohci_hcd: USB 1.1 'Open' Host Controller (OHCI) Driver
[    3.951285] ohci-pci: OHCI PCI platform driver
[    3.952790] ohci-platform: OHCI generic platform driver
[    3.954378] uhci_hcd: USB Universal Host Controller Interface driver
[    3.973925] i8042: PNP: PS/2 Controller [PNP0303:PS2K,PNP0f03:PS2M] at 0x60,0x64 irq 1,12
[    4.042015] serio: i8042 KBD port at 0x60,0x64 irq 1
[    4.042989] serio: i8042 AUX port at 0x60,0x64 irq 12
[    4.044068] mousedev: PS/2 mouse device common for all mice
[    4.045273] input: AT Translated Set 2 keyboard as /devices/platform/i8042/serio0/input/input2
[    4.047213] rtc_cmos rtc_cmos: rtc core: registered rtc_cmos as rtc0
[    4.048351] rtc_cmos rtc_cmos: alarms up to one day, 114 bytes nvram
[    4.049368] i2c /dev entries driver
[    4.050095] device-mapper: uevent: version 1.0.3
[    4.053072] device-mapper: ioctl: 4.34.0-ioctl (2015-10-28) initialised: dm-devel@redhat.com
[    4.054578] ledtrig-cpu: registered to indicate activity on CPUs
[    4.057038] NET: Registered protocol family 10
[    4.058011] NET: Registered protocol family 17
[    4.058840] Key type dns_resolver registered
[    4.059731] microcode: CPU0 sig=0x806e9, pf=0x8, revision=0x0
[    4.060745] microcode: Microcode Update Driver: v2.01 <tigran@aivazian.fsnet.co.uk>, Peter Oruba
[    4.064918] registered taskstats version 1
[    4.065698] Loading compiled-in X.509 certificates
[    4.067262] Loaded X.509 cert 'Build time autogenerated kernel key: 35105354eb779045e4d9ad793dead39d5ee93f76'
[    4.068996] zswap: loaded using pool lzo/zbud
[    4.071135] Key type trusted registered
[    4.086365] Key type encrypted registered
[    4.089123] AppArmor: AppArmor sha1 policy hashing enabled
[    4.090039] ima: No TPM chip found, activating TPM-bypass!
[    4.090990] evm: HMAC attrs: 0x1
[    4.091947]   Magic number: 9:394:127
[    4.092680] acpi device:02: hash matches
[    4.093468] rtc_cmos rtc_cmos: setting system clock to 2017-07-14 12:06:46 UTC (1500034006)
[    4.095040] BIOS EDD facility v0.16 2004-Jun-25, 0 devices found
[    4.096032] EDD information not available.
[    4.098082] Freeing unused kernel memory: 1488K (ffffffff81f45000 - ffffffff820b9000)
[    4.101981] Write protecting the kernel read-only data: 14336k
[    4.103436] Freeing unused kernel memory: 1760K (ffff880001848000 - ffff880001a00000)
[    4.114901] Freeing unused kernel memory: 112K (ffff880001de4000 - ffff880001e00000)
Loading, please wait...
starting version 229
[    4.126865] random: udevadm: uninitialized urandom read (16 bytes read, 3 bits of entropy available)
[    4.135305] random: systemd-udevd: uninitialized urandom read (16 bytes read, 3 bits of entropy available)
[    4.144169] random: systemd-udevd: uninitialized urandom read (16 bytes read, 3 bits of entropy available)
[    4.152301] random: udevadm: uninitialized urandom read (16 bytes read, 3 bits of entropy available)
[    4.154157] random: udevadm: uninitialized urandom read (16 bytes read, 3 bits of entropy available)
[    4.155965] random: udevadm: uninitialized urandom read (16 bytes read, 3 bits of entropy available)
[    4.167828] random: systemd-udevd: uninitialized urandom read (16 bytes read, 3 bits of entropy available)
[    4.169672] random: systemd-udevd: uninitialized urandom read (16 bytes read, 3 bits of entropy available)
[    4.172432] random: udevadm: uninitialized urandom read (16 bytes read, 3 bits of entropy available)
[    4.179544] random: udevadm: uninitialized urandom read (16 bytes read, 3 bits of entropy available)
[    4.217374] e1000: Intel(R) PRO/1000 Network Driver - version 7.3.21-k8-NAPI
[    4.244171] e1000: Copyright (c) 1999-2006 Intel Corporation.
[    4.250027] Fusion MPT base driver 3.04.20
[    4.274011] Copyright (c) 1999-2008 LSI Corporation
[    4.311126] AVX version of gcm_enc/dec engaged.
[    4.353727] AES CTR mode by8 optimization enabled
[    4.376947] Fusion MPT SPI Host driver 3.04.20
[    4.481032] input: ImExPS/2 Generic Explorer Mouse as /devices/platform/i8042/serio1/input/input4
[    4.751364] e1000 0000:00:03.0 eth0: (PCI:33MHz:32-bit) 02:3e:88:32:8e:ba
[    4.774332] e1000 0000:00:03.0 eth0: Intel(R) PRO/1000 Network Connection
[    4.775442] tsc: Refined TSC clocksource calibration: 2711.349 MHz
[    4.776435] clocksource: tsc: mask: 0xffffffffffffffff max_cycles: 0x27151f7ac61, max_idle_ns: 440795222316 ns
[    4.778720] mptbase: ioc0: Initiating bringup
[    4.839562] ioc0: LSI53C1030 A0: Capabilities={Initiator}
[    5.024239] scsi host2: ioc0: LSI53C1030 A0, FwRev=00000000h, Ports=1, MaxQ=256, IRQ=20
[    5.156538] scsi 2:0:0:0: Direct-Access     VBOX     HARDDISK         1.0  PQ: 0 ANSI: 5
[    5.164774] scsi target2:0:0: Beginning Domain Validation
[    5.166247] scsi target2:0:0: Domain Validation skipping write tests
[    5.167284] scsi target2:0:0: Ending Domain Validation
[    5.174181] scsi target2:0:0: asynchronous
[    5.175204] scsi 2:0:1:0: Direct-Access     VBOX     HARDDISK         1.0  PQ: 0 ANSI: 5
[    5.199200] scsi target2:0:1: Beginning Domain Validation
[    5.248998] scsi target2:0:1: Domain Validation skipping write tests
[    5.254249] scsi target2:0:1: Ending Domain Validation
[    5.263342] scsi target2:0:1: asynchronous
[    5.403810] sd 2:0:0:0: Attached scsi generic sg0 type 0
[    5.414172] sd 2:0:0:0: [sda] 20971520 512-byte logical blocks: (10.7 GB/10.0 GiB)
[    5.415684] sd 2:0:0:0: [sda] Write Protect is off
[    5.416623] sd 2:0:0:0: [sda] Incomplete mode parameter data
[    5.417564] sd 2:0:0:0: [sda] Assuming drive cache: write through
[    5.431744] sd 2:0:1:0: [sdb] 20480 512-byte logical blocks: (10.5 MB/10.0 MiB)
[    5.434805] sd 2:0:1:0: [sdb] Write Protect is off
[    5.435678] sd 2:0:1:0: Attached scsi generic sg1 type 0
[    5.436623]  sda: sda1
[    5.437301] sd 2:0:1:0: [sdb] Incomplete mode parameter data
[    5.442191] sd 2:0:1:0: [sdb] Assuming drive cache: write through
[    5.448092] sd 2:0:0:0: [sda] Attached SCSI disk
[    5.495683] sd 2:0:1:0: [sdb] Attached SCSI disk
[    5.583309] e1000 0000:00:08.0 eth1: (PCI:33MHz:32-bit) 08:00:27:27:4d:81
[    5.604444] e1000 0000:00:08.0 eth1: Intel(R) PRO/1000 Network Connection
[    5.615127] e1000 0000:00:08.0 enp0s8: renamed from eth1
[    5.617454] e1000 0000:00:03.0 enp0s3: renamed from eth0
[    7.355447] floppy0: no floppy controllers found
Begin: Loading e[    8.873461] md: linear personality registered for level -1
ssential drivers ... [    8.887985] md: multipath personality registered for level -4
[    8.897471] md: raid0 personality registered for level 0
[    8.907986] md: raid1 personality registered for level 1
[    8.993316] raid6: sse2x1   gen()  7839 MB/s
[    9.093322] raid6: sse2x1   xor()  4873 MB/s
[    9.203306] raid6: sse2x2   gen()  9382 MB/s
[    9.323307] raid6: sse2x2   xor()  6543 MB/s
[    9.413320] raid6: sse2x4   gen() 10746 MB/s
[    9.513320] raid6: sse2x4   xor()  7062 MB/s
[    9.524218] raid6: using algorithm sse2x4 gen() 10746 MB/s
[    9.525262] raid6: .... xor() 7062 MB/s, rmw enabled
[    9.526240] raid6: using ssse3x2 recovery algorithm
[    9.529748] xor: automatically using best checksumming function:
[    9.653395]    avx       : 37159.000 MB/sec
[    9.697101] async_tx: api initialized (async)
[    9.729027] md: raid6 personality registered for level 6
[    9.744383] md: raid5 personality registered for level 5
[    9.754231] md: raid4 personality registered for level 4
[    9.762876] md: raid10 personality registered for level 10
done.
Begin: Running /scripts/init-premount ... done.
Begin: Mounting root file system ... Begin: Running /scripts/local-top ... done.
Begin: Running /scripts/local-premount ... [    9.817681] Btrfs loaded
Scanning for Btrfs filesystems
done.
Warning: fsck not present, so skipping root file system
[    9.862506] EXT4-fs (sda1): mounted filesystem with ordered data mode. Opts: (null)
done.
Begin: Running /scripts/local-bottom ... done.
Begin: Running /scripts/init-bottom ... done.
[    9.938606] systemd[1]: systemd 229 running in system mode. (+PAM +AUDIT +SELINUX +IMA +APPARMOR +SMACK +SYSVINIT +UTMP +LIBCRYPTSETUP +GCRYPT +GNUTLS +ACL +XZ -LZ4 +SECCOMP +BLKID +ELFUTILS +KMOD -IDN)
[    9.966191] systemd[1]: Detected virtualization oracle.
[    9.969119] systemd[1]: Detected architecture x86-64.

Welcome to [1mUbuntu 16.04.2 LTS[0m!

[    9.973367] systemd[1]: Set hostname to <ubuntu-xenial>.
[   10.078701] systemd[1]: Listening on udev Kernel Socket.
[[0;32m  OK  [0m] Listening on udev Kernel Socket.
[   10.092816] systemd[1]: Listening on Syslog Socket.
[[0;32m  OK  [0m] Listening on Syslog Socket.
[   10.095045] systemd[1]: Set up automount Arbitrary Executable File Formats File System Automount Point.
[[0;32m  OK  [0m] Set up automount Arbitrary Executab...ats File System Automount Point.
[   10.099283] systemd[1]: Reached target Swap.
[[0;32m  OK  [0m] Reached target Swap.
[   10.101243] systemd[1]: Listening on LVM2 metadata daemon socket.
[[0;32m  OK  [0m] Listening on LVM2 metadata daemon socket.
[   10.104447] systemd[1]: Started Forward Password Requests to Wall Directory Watch.
[[0;32m  OK  [0m] Started Forward Password Requests to Wall Directory Watch.
[   10.107420] systemd[1]: Listening on udev Control Socket.
[[0;32m  OK  [0m] Listening on udev Control Socket.
[   10.109824] systemd[1]: Created slice System Slice.
[[0;32m  OK  [0m] Created slice System Slice.
[   10.112128] systemd[1]: Created slice User and Session Slice.
[[0;32m  OK  [0m] Created slice User and Session Slice.
[   10.114472] systemd[1]: Reached target Slices.
[[0;32m  OK  [0m] Reached target Slices.
[   10.116419] systemd[1]: Reached target User and Group Name Lookups.
[[0;32m  OK  [0m] Reached target User and Group Name Lookups.
[   10.118873] systemd[1]: Listening on Journal Audit Socket.
[[0;32m  OK  [0m] Listening on Journal Audit Socket.
[   10.122308] systemd[1]: Created slice system-serial\x2dgetty.slice.
[[0;32m  OK  [0m] Created slice system-serial\x2dgetty.slice.
[   10.124481] systemd[1]: Listening on Journal Socket.
[[0;32m  OK  [0m] Listening on Journal Socket.
[   10.132495] systemd[1]: Starting Set console keymap...
         Starting Set console keymap...
[   10.180171] systemd[1]: Mounting Huge Pages File System...
         Mounting Huge Pages File System...
[   10.188372] systemd[1]: Starting Nameserver information manager...
         Starting Nameserver information manager...
[   10.203239] systemd[1]: Starting Uncomplicated firewall...
         Starting Uncomplicated firewall...
[   10.218251] systemd[1]: Mounting POSIX Message Queue File System...
         Mounting POSIX Message Queue File System...
[   10.223473] systemd[1]: Listening on /dev/initctl Compatibility Named Pipe.
[[0;32m  OK  [0m] Listening on /dev/initctl Compatibility Named Pipe.
[   10.238906] systemd[1]: Starting Create list of required static device nodes for the current kernel...
         Starting Create list of required st... nodes for the current kernel...
[   10.248610] systemd[1]: Listening on LVM2 poll daemon socket.
[[0;32m  OK  [0m] Listening on LVM2 poll daemon socket.
[   10.250798] systemd[1]: Listening on Journal Socket (/dev/log).
[[0;32m  OK  [0m] Listening on Journal Socket (/dev/log).
[   10.254347] systemd[1]: Starting Journal Service...
         Starting Journal Service...
[   10.260226] systemd[1]: Mounting Debug File System...
         Mounting Debug File System...
[   10.279613] systemd[1]: Started Trigger resolvconf update for networkd DNS.
[[0;32m  OK  [0m] Started Trigger resolvconf update for networkd DNS.
[   10.291637] systemd[1]: Listening on Device-mapper event daemon FIFOs.
[[0;32m  OK  [0m] Listening on Device-mapper event daemon FIFOs.
[   10.293915] systemd[1]: Reached target Encrypted Volumes.
[[0;32m  OK  [0m] Reached target Encrypted Volumes.
[   10.296563] systemd[1]: Starting Monitoring of LVM2 mirrors, snapshots etc. using dmeventd or progress polling...
         Starting Monitoring of LVM2 mirrors... dmeventd or progress polling...
[   10.311811] systemd[1]: Starting Load Kernel Modules...
         Starting Load Kernel Modules...[   10.321929] Loading iSCSI transport class v2.0-870.

[   10.335098] systemd[1]: Starting Remount Root and Kernel File Systems...
         [   10.371012] EXT4-fs (sda1): re-mounted. Opts: (null)
Starting Remount Root and Kernel File Systems...
[   10.376001] systemd[1]: Mounted Debug File System.
[   10.385518] iscsi: registered transport (tcp)
[[0;32m  OK  [0m] [   10.391217] random: nonblocking pool is initialized
Mounted Debug File System.
[   10.393168] systemd[1]: Mounted Huge Pages File System.
[[0;32m  OK  [0m] Mounted Huge Pages File System.
[   10.407869] systemd[1]: Mounted POSIX Message Queue File System.
[[0;32m  OK  [0m] Mounted POSIX Me[   10.423027] iscsi: registered transport (iser)
ssage Queue File System.
[   10.434491] systemd[1]: Started Journal Service.
[[0;32m  OK  [0m] Started Journal Service.
[[0;32m  OK  [0m] Started Set console keymap.
[[0;32m  OK  [0m] Started Uncomplicated firewall.
[[0;32m  OK  [0m] Started Create list of required sta...ce nodes for the current kernel.
[[0;32m  OK  [0m] Started Load Kernel Modules.
[[0;32m  OK  [0m] Started Remount Root and Kernel File Systems.
[[0;32m  OK  [0m] Started Nameserver information manager.
[[0;32m  OK  [0m] Started LVM2 metadata daemon.
         Starting Load/Save Random Seed...
         Starting udev Coldplug all Devices...
         Starting Initial cloud-init job (pre-networking)...
         Mounting FUSE Control File System...
         Starting Apply Kernel Variables...
         Starting Create Static Device Nodes in /dev...
         Starting Flush Journal to Persistent Storage...
[[0;32m  OK  [0m] Mounted FUSE Control File System.
[[0;32m  OK  [0m] Started Load/Save Random Seed.
[[0;32m  OK  [0m] Started Apply Kernel Variables.
[[0;32m  OK  [0m] Started Create Static Device Nodes in /dev.
[[0;32m  OK  [0m] Started udev Coldplug all Devices.
[[0;32m  OK  [0m] Started Monitoring of LVM2 mirrors,...ng dmeventd or progress polling.
[[0;32m  OK  [0m] Started Flush Journal to Persistent Storage.
         Starting udev Kernel Device Manager...
[[0;32m  OK  [0m] Started udev Kernel Device Manager.
[[0;32m  OK  [0m] Started Dispatch Password Requests to Console Directory Watch.
[[0;32m  OK  [0m] Reached target Local File Systems (Pre).
[[0;32m  OK  [0m] Reached target Local File Systems.
         Starting Tell Plymouth To Write Out Runtime Data...
         Starting Create Volatile Files and Directories...
         Starting Set console font and keymap...
         Starting LSB: AppArmor initialization...
[[0;32m  OK  [0m] Started Tell Plymouth To Write Out Runtime Data.
[[0;32m  OK  [0m] Started Create Volatile Files and Directories.
         Starting Update UTMP about System Boot/Shutdown...
[[0;32m  OK  [0m] Reached target System Time Synchronized.
[[0;32m  OK  [0m] Started Update UTMP about System Boot/Shutdown.
[[0;32m  OK  [0m] Started LSB: AppArmor initialization.
[[0;32m  OK  [0m] Found device /dev/ttyS0.
[[0;32m  OK  [0m] Found device 82540EM Gigabit Ethern...r (PRO/1000 MT Desktop Adapter).
[[0;32m  OK  [0m] Found device 82540EM Gigabit Ethern...r (PRO/1000 MT Desktop Adapter).
[[0;32m  OK  [0m] Started Set console font and keymap.
[[0;32m  OK  [0m] Created slice system-getty.slice.
[[0;32m  OK  [0m] Listening on Load/Save RF Kill Switch Status /dev/rfkill Watch.
[   11.129279] cloud-init[450]: Cloud-init v. 0.7.9 running 'init-local' at Fri, 14 Jul 2017 12:06:54 +0000. Up 10.70 seconds.
[[0;32m  OK  [0m] Started Initial cloud-init job (pre-networking).
[[0;32m  OK  [0m] Reached target Network (Pre).
[[0;32m  OK  [0m] Started ifup for enp0s8.
[[0;32m  OK  [0m] Started ifup for enp0s3.
         Starting Raise network interfaces...
[[0;32m  OK  [0m] Started Raise network interfaces.
[[0;32m  OK  [0m] Reached target Network.
         Starting Initial cloud-init job (metadata service crawler)...
[   13.686856] cloud-init[1064]: Cloud-init v. 0.7.9 running 'init' at Fri, 14 Jul 2017 12:06:57 +0000. Up 13.45 seconds.
[   13.721815] cloud-init[1064]: ci-info: ++++++++++++++++++++++++++++++++++++++Net device info++++++++++++++++++++++++++++++++++++++
[   13.725562] cloud-init[1064]: ci-info: +--------+------+-----------------------------+---------------+-------+-------------------+
[   13.743966] cloud-init[1064]: ci-info: | Device |  Up  |           Address           |      Mask     | Scope |     Hw-Address    |
[[0;32m  OK  [0m] Started Initial cloud-init job (metadata service crawler).
[   13.750188] cloud-init[1064]: ci-info: +--------+------+-----------------------------+---------------+-------+-------------------+
[   13.759680] [[0;32m  OK  [0m] Reached target Cloud-config availability.
[[0;32m  OK  [0m] Reached target Network is Online.
         Starting iSCSI initiator daemon (iscsid)...
[[0;32m  OK  [0m] Reached target System Initialization.
         Starting Socket activation for snappy daemon.
cloud-init[1064]: ci-info: | enp0s3 | True |          10.0.2.15          | 255.255.255.0 |   .   | 02:3e:88:32:8e:ba |
[[0;32m  OK  [0m[   13.768286] cloud-init[1064]: ci-info: | enp0s3 | True |  fe80::3e:88ff:fe32:8eba/64 |       .       |  link | 02:3e:88:32:8e:ba |
[   13.768341] cloud-init[1064]: ci-info: | enp0s8 | True |           11.0.0.3          | 255.255.255.0 |   .   | 08:00:27:27:4d:81 |
[   13.768373] cloud-init[1064]: ci-info: | enp0s8 | True | fe80::a00:27ff:fe27:4d81/64 |       .       |  link | 08:00:27:27:4d:81 |
[   13.768404] cloud-init[1064]: ci-info: |   lo   | True |          127.0.0.1          |   255.0.0.0   |   .   |         .         |
[   13.768433] cloud-init[1064]: ci-info: |   lo   | True |           ::1/128           |       .       |  host |         .         |
[   13.768463] cloud-init[1064]: ci-info: +--------+------+-----------------------------+---------------+-------+-------------------+
[   13.768492] cloud-init[1064]: ci-info: +++++++++++++++++++++++++++Route IPv4 info++++++++++++++++++++++++++++
[   13.768523] cloud-init[1064]: ci-info: +-------+-------------+----------+---------------+-----------+-------+
[   13.768573] cloud-init[1064]: ci-info: | Route | Destination | Gateway  |    Genmask    | Interface | Flags |
[   13.768610] cloud-init[1064]: ci-info: +-------+-------------+----------+---------------+-----------+-------+
[   13.768643] cloud-init[1064]: ci-info: |   0   |   0.0.0.0   | 10.0.2.2 |    0.0.0.0    |   enp0s3  |   UG  |
[   13.768674] cloud-init[1064]: ci-info: |   1   |   10.0.2.0  | 0.0.0.0  | 255.255.255.0 |   enp0s3  |   U   |
[   13.768702] cloud-init[1064]: ci-info: |   2   |   11.0.0.0  | 0.0.0.0  | 255.255.255.0 |   enp0s8  |   U   |
[   13.768734] cloud-init[1064]: ci-info: +-------+-------------+----------+---------------+-----------+-------+
] Started ACPI Events Check.
[[0;32m  OK  [0m] Reached target Paths.
[[0;32m  OK  [0m] Started Daily apt activities.
[[0;32m  OK  [0m] Listening on ACPID Listen Socket.
         Starting LXD - unix socket.
[[0;32m  OK  [0m] Listening on UUID daemon activation socket.
[[0;32m  OK  [0m] Started Daily Cleanup of Temporary Directories.
[[0;32m  OK  [0m] Listening on D-Bus System Message Bus Socket.
[[0;32m  OK  [0m] Started Timer to automatically refresh installed snaps.
[[0;32m  OK  [0m] Reached target Timers.
[[0;32m  OK  [0m] Listening on Socket activation for snappy daemon.
[[0;32m  OK  [0m] Listening on LXD - unix socket.
[[0;32m  OK  [0m] Started iSCSI initiator daemon (iscsid).
         Starting Login to default iSCSI targets...
[[0;32m  OK  [0m] Reached target Sockets.
[[0;32m  OK  [0m] Reached target Basic System.
         Starting LXD - container startup/shutdown...
[[0;32m  OK  [0m] Started Unattended Upgrades Shutdown.
[[0;32m  OK  [0m] Started Deferred execution scheduler.
[[0;32m  OK  [0m] Started D-Bus System Message Bus.
         Starting Login Service...
[[0;32m  OK  [0m] Started Snappy daemon.
         Starting LSB: MD monitoring daemon...
[[0;32m  OK  [0m] Started FUSE filesystem for LXC.
         Starting LSB: Record successful boot for GRUB...
         Starting Apply the settings specified in cloud-config...
[[0;32m  OK  [0m] Started Regular background program processing daemon.
         Starting OpenBSD Secure Shell server...
         Starting Accounts Service...
         Starting /etc/rc.local Compatibility...
[[0;32m  OK  [0m] Started ACPI event daemon.
         Starting System Logging Service...
         Starting Auto import assertions from block devices...
[[0;32m  OK  [0m] Started OpenBSD Secure Shell server.
[[0;32m  OK  [0m] Started LXD - container startup/shutdown.
[[0;32m  OK  [0m] Started /etc/rc.local Compatibility.
[[0;32m  OK  [0m] Started System Logging Service.
[[0;32m  OK  [0m] Started Auto import assertions from block devices.
[[0;32m  OK  [0m] Started Login to default iSCSI targets.
[[0;32m  OK  [0m] Started LSB: Record successful boot for GRUB.
[[0;32m  OK  [0m] Started LSB: MD monitoring daemon.
[[0;32m  OK  [0m] Started Login Service.
         Starting Authenticate and Authorize Users to Run Privileged Tasks...
[[0;32m  OK  [0m] Reached target Remote File Systems (Pre).
[[0;32m  OK  [0m] Reached target Remote File Systems.
         Starting LSB: daemon to balance interrupts for SMP systems...
         Starting LSB: VirtualBox Linux Additions...
         Starting LSB: Apache2 web server...
         Starting LSB: Set the CPU Frequency Scaling governor to "ondemand"...
         Starting Permit User Sessions...
         Starting LSB: automatic crash report generation...
[[0;32m  OK  [0m] Started Permit User Sessions.
[[0;32m  OK  [0m] Started Authenticate and Authorize Users to Run Privileged Tasks.
[[0;32m  OK  [0m] Started Accounts Service.
         Starting Terminate Plymouth Boot Screen...
         Starting Hold until boot process finishes up...
[[0;32m  OK  [0m] Started Terminate Plymouth Boot Screen.
[[0;32m  OK  [0m] Started Hold until boot process finishes up.
[[0;32m  OK  [0m] Started LSB: daemon to balance interrupts for SMP systems.
[[0;32m  OK  [0m] Started LSB: Set the CPU Frequency Scaling governor to "ondemand".
[[0;32m  OK  [0m] Started Getty on tty1.
[[0;32m  OK  [0m] Started Serial Getty on ttyS0.
[[0;32m  OK  [0m] Reached target Login Prompts.
         Starting Set console scheme...
[[0;32m  OK  [0m] Started Set console scheme.
[[0;32m  OK  [0m] Started LSB: automatic crash report generation.
[[0;32m  OK  [0m] Started LSB: VirtualBox Linux Additions.
[   15.062454] cloud-init[1157]: Cloud-init v. 0.7.9 running 'modules:config' at Fri, 14 Jul 2017 12:06:58 +0000. Up 14.76 seconds.
[[0;32m  OK  [0m] Started Apply the settings specified in cloud-config.
[[0;32m  OK  [0m] Started LSB: Apache2 web server.
[[0;32m  OK  [0m] Reached target Multi-User System.
         Starting Execute cloud user/final scripts...
[[0;32m  OK  [0m] Reached target Graphical Interface.
         Starting Update UTMP about System Runlevel Changes...
[[0;32m  OK  [0m] Started Update UTMP about System Runlevel Changes.
[   16.613662] cloud-init[1401]: Cloud-init v. 0.7.9 running 'modules:final' at Fri, 14 Jul 2017 12:07:00 +0000. Up 16.49 seconds.
[   16.637700] cloud-init[1401]: Cloud-init v. 0.7.9 finished at Fri, 14 Jul 2017 12:07:00 +0000. Datasource DataSourceNoCloud [seed=/dev/sdb][dsmode=net].  Up 16.60 seconds
[[0;32m  OK  [0m] Started Execute cloud user/final scripts.
[[0;32m  OK  [0m] Reached target Cloud-init target.

Ubuntu 16.04.2 LTS ubuntu-xenial ttyS0

ubuntu-xenial login: 